<?xml version="1.0" encoding="utf-8"?><testsuites name="pytest tests"><testsuite name="pytest" errors="0" failures="1" skipped="57" tests="3254" time="47.574" timestamp="2026-09-08T09:06:42.980834+02:00" hostname="RAM-Monster"><testcase classname="tests.ci.test_ci_paths.TestRequiredFilesExist" name="test_requirements_dev_exists" time="0.006" /><testcase classname="tests.docker.test_entrypoint.TestEntrypointExists" name="test_entrypoint_exists" time="0.007" /><testcase classname="tests.docker.test_entrypoint.TestEntrypointExists" name="test_entrypoint_is_file" time="0.003" /><testcase classname="tests.ci.test_ci_paths.TestRequiredFilesExist" name="test_pyproject_toml_exists" time="0.002" /><testcase classname="tests.ci.test_ci_paths.TestRequiredFilesExist" name="test_src_directory_exists" time="0.002" /><testcase classname="tests.docker.test_entrypoint.TestEntrypointExists" name="test_entrypoint_is_readable" time="0.003" /><testcase classname="tests.ci.test_ci_paths.TestRequiredFilesExist" name="test_tests_directory_exists" time="0.002" /><testcase classname="tests.ci.test_ci_paths.TestSourcePaths" name="test_lint_source_path_exists" time="0.002" /><testcase classname="tests.ci.test_ci_paths.TestSourcePaths" name="test_tests_path_exists" time="0.002" /><testcase classname="tests.ci.test_ci_paths.TestPytestMarkers" name="test_slow_marker_defined" time="0.006" /><testcase classname="tests.integration.test_api_uploads.TestListFiles" name="test_list_files_empty" time="0.029" /><testcase classname="tests.docker.test_entrypoint.TestEntrypointExists" name="test_entrypoint_is_executable" time="0.003" /><testcase classname="tests.docker.test_entrypoint.TestEntrypointSyntax" name="test_entrypoint_has_valid_syntax" time="0.007" /><testcase classname="tests.docker.test_entrypoint.TestEntrypointShebang" name="test_entrypoint_has_shebang" time="0.003" /><testcase classname="tests.ci.test_ci_paths.TestPytestMarkers" name="test_gpu_marker_defined" time="0.007" /><testcase classname="tests.docker.test_entrypoint.TestEntrypointShebang" name="test_entrypoint_shebang_uses_bash" time="0.003" /><testcase classname="tests.docker.test_entrypoint.TestEntrypointSettings" name="test_entrypoint_has_strict_mode" time="0.002" /><testcase classname="tests.integration.test_api_uploads.TestListFiles" name="test_list_files_with_files" time="0.026" /><testcase classname="tests.integration.test_api_auth.TestRegisterEndpoint" name="test_register_success" time="0.319" /><testcase classname="tests.ci.test_ci_paths.TestPytestMarkers" name="test_integration_marker_defined" time="0.006" /><testcase classname="tests.docker.test_entrypoint.TestEntrypointSignalHandling" name="test_entrypoint_has_signal_handler" time="0.003" /><testcase classname="tests.docker.test_entrypoint.TestEntrypointSignalHandling" name="test_entrypoint_handles_sigterm" time="0.002" /><testcase classname="tests.ci.test_ci_paths.TestCoverageConfiguration" name="test_coverage_source_matches_lint_path" time="0.006" /><testcase classname="tests.docker.test_entrypoint.TestEntrypointSignalHandling" name="test_entrypoint_handles_sigint" time="0.002" /><testcase classname="tests.docker.test_entrypoint.TestEntrypointSignalHandling" name="test_entrypoint_has_cleanup_function" time="0.002" /><testcase classname="tests.docker.test_entrypoint.TestEntrypointLogging" name="test_entrypoint_has_log_info" time="0.002" /><testcase classname="tests.docker.test_entrypoint.TestEntrypointLogging" name="test_entrypoint_has_log_error" time="0.002" /><testcase classname="tests.docker.test_entrypoint.TestEntrypointLogging" name="test_entrypoint_has_log_warning" time="0.002" /><testcase classname="tests.integration.test_api_uploads.TestListFiles" name="test_list_files_excludes_non_video" time="0.018" /><testcase classname="tests.docker.test_entrypoint.TestEntrypointLogging" name="test_entrypoint_has_log_success" time="0.002" /><testcase classname="tests.docker.test_entrypoint.TestEntrypointFunctions" name="test_entrypoint_has_main_function" time="0.002" /><testcase classname="tests.docker.test_entrypoint.TestEntrypointFunctions" name="test_entrypoint_has_setup_directories" time="0.002" /><testcase classname="tests.docker.test_entrypoint.TestEntrypointFunctions" name="test_entrypoint_has_check_gpu" time="0.002" /><testcase classname="tests.docker.test_entrypoint.TestEntrypointFunctions" name="test_entrypoint_has_load_env" time="0.002" /><testcase classname="tests.integration.test_api_uploads.TestListFiles" name="test_list_files_sorted_by_time" time="0.051" /><testcase classname="tests.docker.test_entrypoint.TestEntrypointFunctions" name="test_entrypoint_calls_main" time="0.002" /><testcase classname="tests.docker.test_entrypoint.TestEntrypointCommands" name="test_entrypoint_has_serve_command" time="0.002" /><testcase classname="tests.docker.test_entrypoint.TestEntrypointCommands" name="test_entrypoint_has_convert_command" time="0.002" /><testcase classname="tests.docker.test_entrypoint.TestEntrypointCommands" name="test_entrypoint_has_batch_command" time="0.002" /><testcase classname="tests.docker.test_entrypoint.TestEntrypointCommands" name="test_entrypoint_has_shell_command" time="0.002" /><testcase classname="tests.docker.test_entrypoint.TestEntrypointCommands" name="test_entrypoint_has_help_command" time="0.003" /><testcase classname="tests.ci.test_ci_paths.TestPythonVersionSupport" name="test_requires_python_matches_matrix" time="0.060" /><testcase classname="tests.docker.test_entrypoint.TestEntrypointGPUDetection" name="test_entrypoint_checks_nvidia_smi" time="0.002" /><testcase classname="tests.docker.test_entrypoint.TestEntrypointGPUDetection" name="test_entrypoint_sets_no_gpu_env" time="0.002" /><testcase classname="tests.docker.test_entrypoint.TestEntrypointDirectories" name="test_entrypoint_creates_inputs_dir" time="0.002" /><testcase classname="tests.ci.test_ci_paths.TestLintingToolConfig" name="test_black_config_exists" time="0.005" /><testcase classname="tests.docker.test_entrypoint.TestEntrypointDirectories" name="test_entrypoint_creates_outputs_dir" time="0.003" /><testcase classname="tests.ci.test_ci_paths.TestLintingToolConfig" name="test_ruff_config_exists" time="0.005" /><testcase classname="tests.docker.test_entrypoint.TestEntrypointDirectories" name="test_entrypoint_creates_logs_dir" time="0.002" /><testcase classname="tests.docker.test_entrypoint.TestEntrypointDirectories" name="test_entrypoint_creates_models_dir" time="0.002" /><testcase classname="tests.ci.test_ci_paths.TestLintingToolConfig" name="test_isort_config_exists_or_via_ruff" time="0.005" /><testcase classname="tests.docker.test_entrypoint.TestEntrypointDirectories" name="test_entrypoint_has_app_dir_constant" time="0.002" /><testcase classname="tests.ci.test_ci_paths.TestSystemDependencies" name="test_ffmpeg_is_documented_requirement" time="0.002" /><testcase classname="tests.docker.test_entrypoint.TestEntrypointDirectories" name="test_entrypoint_uses_mkdir" time="0.003" /><testcase classname="tests.integration.test_api_uploads.TestUploadSecurity" name="test_path_traversal_in_filename_sanitized" time="0.016" /><testcase classname="tests.docker.test_entrypoint.TestEntrypointDirectories" name="test_entrypoint_reads_env_file" time="0.002" /><testcase classname="tests.docker.test_entrypoint.TestEntrypointDirectories" name="test_entrypoint_exports_env_vars" time="0.002" /><testcase classname="tests.docker.test_entrypoint.TestEntrypointDirectories" name="test_entrypoint_handles_env_values_with_spaces" time="0.002" /><testcase classname="tests.docker.test_entrypoint.TestEntrypointExec" name="test_entrypoint_uses_exec" time="0.002" /><testcase classname="tests.docker.test_entrypoint.TestEntrypointExec" name="test_entrypoint_does_not_exit_explicitly" time="0.002" /><testcase classname="tests.integration.test_api_uploads.TestUploadSecurity" name="test_special_characters_in_filename" time="0.018" /><testcase classname="tests.docker.test_entrypoint.TestEntrypointBanner" name="test_entrypoint_has_banner" time="0.002" /><testcase classname="tests.docker.test_entrypoint.TestEntrypointBanner" name="test_entrypoint_has_app_name_in_banner" time="0.002" /><testcase classname="tests.docker.test_entrypoint.TestEntrypointColors" name="test_entrypoint_has_color_constants" time="0.002" /><testcase classname="tests.docker.test_entrypoint.TestEntrypointColors" name="test_entrypoint_has_no_color_constant" time="0.003" /><testcase classname="tests.docker.test_healthcheck.TestHealthcheckExists" name="test_healthcheck_exists" time="0.002" /><testcase classname="tests.docker.test_healthcheck.TestHealthcheckExists" name="test_healthcheck_is_file" time="0.002" /><testcase classname="tests.docker.test_healthcheck.TestHealthcheckExists" name="test_healthcheck_is_readable" time="0.002" /><testcase classname="tests.docker.test_healthcheck.TestHealthcheckExists" name="test_healthcheck_is_executable" time="0.002" /><testcase classname="tests.docker.test_healthcheck.TestHealthcheckSyntax" name="test_healthcheck_has_valid_syntax" time="0.006" /><testcase classname="tests.ci.test_ci_paths.TestWorkflowUsesCorrectCoveragePath" name="test_coverage_path_matches_source" time="0.056" /><testcase classname="tests.ci.test_ci_workflow.TestCIWorkflowSyntax" name="test_workflow_file_exists" time="0.002" /><testcase classname="tests.integration.test_depth_estimation.TestModelLoadingFlow" name="test_load_model_small_uses_small_transform" time="0.030" /><testcase classname="tests.docker.test_healthcheck.TestHealthcheckShebang" name="test_healthcheck_has_shebang" time="0.002" /><testcase classname="tests.docker.test_healthcheck.TestHealthcheckShebang" name="test_healthcheck_shebang_uses_bash" time="0.002" /><testcase classname="tests.docker.test_healthcheck.TestHealthcheckSettings" name="test_healthcheck_avoids_set_e" time="0.002" /><testcase classname="tests.docker.test_healthcheck.TestHealthcheckSettings" name="test_healthcheck_uses_pipefail_safely" time="0.002" /><testcase classname="tests.docker.test_healthcheck.TestHealthcheckFunctions" name="test_healthcheck_has_main_function" time="0.003" /><testcase classname="tests.docker.test_healthcheck.TestHealthcheckFunctions" name="test_healthcheck_has_check_cli" time="0.002" /><testcase classname="tests.docker.test_healthcheck.TestHealthcheckFunctions" name="test_healthcheck_has_check_directories" time="0.002" /><testcase classname="tests.integration.test_depth_estimation.TestModelLoadingFlow" name="test_load_model_dpt_uses_dpt_transform" time="0.023" /><testcase classname="tests.docker.test_healthcheck.TestHealthcheckFunctions" name="test_healthcheck_has_check_disk_space" time="0.002" /><testcase classname="tests.docker.test_healthcheck.TestHealthcheckFunctions" name="test_healthcheck_has_check_api_server" time="0.002" /><testcase classname="tests.docker.test_healthcheck.TestHealthcheckFunctions" name="test_healthcheck_has_check_curl" time="0.002" /><testcase classname="tests.docker.test_healthcheck.TestHealthcheckFunctions" name="test_healthcheck_calls_main" time="0.002" /><testcase classname="tests.docker.test_healthcheck.TestHealthcheckCLI" name="test_healthcheck_checks_video2d3d_command" time="0.002" /><testcase classname="tests.docker.test_healthcheck.TestHealthcheckDirectories" name="test_healthcheck_checks_app_inputs" time="0.002" /><testcase classname="tests.docker.test_healthcheck.TestHealthcheckDirectories" name="test_healthcheck_checks_app_outputs" time="0.002" /><testcase classname="tests.integration.test_depth_estimation.TestModelLoadingFlow" name="test_load_model_failure_raises_model_load_error" time="0.023" /><testcase classname="tests.docker.test_healthcheck.TestHealthcheckDirectories" name="test_healthcheck_checks_app_logs" time="0.002" /><testcase classname="tests.docker.test_healthcheck.TestHealthcheckDirectories" name="test_healthcheck_uses_d_flag" time="0.002" /><testcase classname="tests.ci.test_ci_workflow.TestCIWorkflowSyntax" name="test_workflow_is_valid_yaml" time="0.056" /><testcase classname="tests.docker.test_healthcheck.TestHealthcheckDiskSpace" name="test_healthcheck_uses_df_command" time="0.002" /><testcase classname="tests.docker.test_healthcheck.TestHealthcheckDiskSpace" name="test_healthcheck_checks_app_directory" time="0.002" /><testcase classname="tests.docker.test_healthcheck.TestHealthcheckDiskSpace" name="test_healthcheck_has_minimum_space_threshold" time="0.002" /><testcase classname="tests.docker.test_healthcheck.TestHealthcheckAPI" name="test_healthcheck_uses_curl" time="0.002" /><testcase classname="tests.docker.test_healthcheck.TestHealthcheckAPI" name="test_healthcheck_checks_health_endpoint" time="0.002" /><testcase classname="tests.docker.test_healthcheck.TestHealthcheckAPI" name="test_healthcheck_has_timeout" time="0.002" /><testcase classname="tests.docker.test_healthcheck.TestHealthcheckAPI" name="test_healthcheck_uses_localhost" time="0.002" /><testcase classname="tests.docker.test_healthcheck.TestHealthcheckAPI" name="test_healthcheck_checks_port_8000" time="0.002" /><testcase classname="tests.docker.test_healthcheck.TestHealthcheckExitCodes" name="test_healthcheck_exits_0_on_success" time="0.002" /><testcase classname="tests.docker.test_healthcheck.TestHealthcheckExitCodes" name="test_healthcheck_exits_1_on_failure" time="0.002" /><testcase classname="tests.docker.test_healthcheck.TestHealthcheckCounting" name="test_healthcheck_tracks_passed_checks" time="0.002" /><testcase classname="tests.docker.test_healthcheck.TestHealthcheckCounting" name="test_healthcheck_tracks_total_checks" time="0.002" /><testcase classname="tests.docker.test_healthcheck.TestHealthcheckCounting" name="test_healthcheck_calculates_threshold" time="0.002" /><testcase classname="tests.docker.test_healthcheck.TestHealthcheckCounting" name="test_healthcheck_handles_arithmetic_safely" time="0.002" /><testcase classname="tests.docker.test_healthcheck.TestHealthcheckModeSupport" name="test_healthcheck_supports_serve_mode" time="0.002" /><testcase classname="tests.docker.test_healthcheck.TestHealthcheckModeSupport" name="test_healthcheck_accepts_mode_argument" time="0.002" /><testcase classname="tests.docker.test_healthcheck.TestHealthcheckConstants" name="test_healthcheck_has_default_host" time="0.002" /><testcase classname="tests.ci.test_ci_workflow.TestCIWorkflowSyntax" name="test_workflow_has_name" time="0.061" /><testcase classname="tests.docker.test_healthcheck.TestHealthcheckConstants" name="test_healthcheck_has_default_port" time="0.002" /><testcase classname="tests.docker.test_healthcheck.TestHealthcheckConstants" name="test_healthcheck_has_default_timeout" time="0.002" /><testcase classname="tests.docker.test_healthcheck.TestHealthcheckRobustness" name="test_healthcheck_silences_errors" time="0.002" /><testcase classname="tests.docker.test_healthcheck.TestHealthcheckRobustness" name="test_healthcheck_handles_missing_commands" time="0.002" /><testcase classname="tests.docker.test_healthcheck.TestHealthcheckRobustness" name="test_healthcheck_uses_readonly_for_constants" time="0.002" /><testcase classname="tests.docker.test_healthcheck.TestHealthcheckPython" name="test_healthcheck_checks_python" time="0.002" /><testcase classname="tests.integration.test_api_auth.TestRegisterEndpoint" name="test_register_duplicate_username" time="0.270" /><testcase classname="tests.docs.test_developer_guide.TestDeveloperGuideExists" name="test_developer_guide_file_exists" time="0.002" /><testcase classname="tests.docs.test_developer_guide.TestDeveloperGuideExists" name="test_developer_guide_not_empty" time="0.002" /><testcase classname="tests.docs.test_developer_guide.TestDeveloperGuideExists" name="test_developer_guide_has_version" time="0.002" /><testcase classname="tests.docs.test_developer_guide.TestDeveloperGuideStructure" name="test_has_table_of_contents" time="0.002" /><testcase classname="tests.docs.test_developer_guide.TestDeveloperGuideStructure" name="test_has_all_required_sections" time="0.004" /><testcase classname="tests.docs.test_developer_guide.TestDeveloperGuideStructure" name="test_section_hierarchy" time="0.004" /><testcase classname="tests.docs.test_developer_guide.TestDeveloperGuideStructure" name="test_has_architecture_diagram" time="0.002" /><testcase classname="tests.docs.test_developer_guide.TestDeveloperGuideStructure" name="test_has_processing_pipeline" time="0.002" /><testcase classname="tests.docs.test_developer_guide.TestDeveloperGuideCodeBlocks" name="test_code_blocks_balanced" time="0.002" /><testcase classname="tests.docs.test_developer_guide.TestDeveloperGuideCodeBlocks" name="test_yaml_code_blocks_valid" time="0.003" /><testcase classname="tests.ci.test_ci_workflow.TestCIWorkflowSyntax" name="test_workflow_has_on_triggers" time="0.058" /><testcase classname="tests.docs.test_developer_guide.TestDeveloperGuideCodeBlocks" name="test_python_code_blocks_syntax" time="0.004" /><testcase classname="tests.docs.test_developer_guide.TestDeveloperGuideCodeBlocks" name="test_bash_code_blocks_present" time="0.002" /><testcase classname="tests.docs.test_developer_guide.TestDeveloperGuideCodeBlocks" name="test_has_import_examples" time="0.002" /><testcase classname="tests.docs.test_developer_guide.TestDeveloperGuideModuleDocumentation" name="test_video_module_documented" time="0.002" /><testcase classname="tests.docs.test_developer_guide.TestDeveloperGuideModuleDocumentation" name="test_depth_module_documented" time="0.002" /><testcase classname="tests.docs.test_developer_guide.TestDeveloperGuideModuleDocumentation" name="test_stereo_module_documented" time="0.002" /><testcase classname="tests.docs.test_developer_guide.TestDeveloperGuideModuleDocumentation" name="test_core_module_documented" time="0.002" /><testcase classname="tests.docs.test_developer_guide.TestDeveloperGuideModuleDocumentation" name="test_web_api_module_documented" time="0.002" /><testcase classname="tests.docs.test_developer_guide.TestDeveloperGuideModuleDocumentation" name="test_batch_module_documented" time="0.002" /><testcase classname="tests.docs.test_developer_guide.TestDeveloperGuideAPIReferences" name="test_depth_processor_config_exists" time="0.002" /><testcase classname="tests.docs.test_developer_guide.TestDeveloperGuideAPIReferences" name="test_depth_map_processor_exists" time="0.002" /><testcase classname="tests.docs.test_developer_guide.TestDeveloperGuideAPIReferences" name="test_dibr_engine_exists" time="0.002" /><testcase classname="tests.docs.test_developer_guide.TestDeveloperGuideAPIReferences" name="test_dibr_config_exists" time="0.002" /><testcase classname="tests.docs.test_developer_guide.TestDeveloperGuideAPIReferences" name="test_frame_batch_processor_exists" time="0.002" /><testcase classname="tests.docs.test_developer_guide.TestDeveloperGuideAPIReferences" name="test_batch_processor_config_exists" time="0.002" /><testcase classname="tests.docs.test_developer_guide.TestDeveloperGuideAPIReferences" name="test_processing_mode_exists" time="0.002" /><testcase classname="tests.integration.test_depth_estimation.TestSingleFrameDepthEstimation" name="test_estimate_depth_full_flow" time="0.189" /><testcase classname="tests.docs.test_developer_guide.TestDeveloperGuideAPIReferences" name="test_stereo_generator_exists" time="0.002" /><testcase classname="tests.ci.test_ci_workflow.TestCIWorkflowSyntax" name="test_workflow_has_push_trigger" time="0.057" /><testcase classname="tests.docs.test_developer_guide.TestDeveloperGuideAPIReferences" name="test_anaglyph_encoder_exists" time="0.002" /><testcase classname="tests.docs.test_developer_guide.TestDeveloperGuideAPIReferences" name="test_side_by_side_encoder_exists" time="0.002" /><testcase classname="tests.docs.test_developer_guide.TestDeveloperGuideConfigDocumentation" name="test_batch_processor_config_documented" time="0.002" /><testcase classname="tests.docs.test_developer_guide.TestDeveloperGuideConfigDocumentation" name="test_depth_processor_config_documented" time="0.002" /><testcase classname="tests.docs.test_developer_guide.TestDeveloperGuideConfigDocumentation" name="test_dibr_config_documented" time="0.002" /><testcase classname="tests.docs.test_developer_guide.TestDeveloperGuideExceptionDocumentation" name="test_exception_table_exists" time="0.002" /><testcase classname="tests.docs.test_developer_guide.TestDeveloperGuideExceptionDocumentation" name="test_key_exceptions_documented" time="0.002" /><testcase classname="tests.docs.test_developer_guide.TestDeveloperGuideExtensionGuides" name="test_adding_depth_model_guide" time="0.002" /><testcase classname="tests.integration.test_depth_estimation.TestSingleFrameDepthEstimation" name="test_estimate_depth_inference_error_on_model_failure" time="0.027" /><testcase classname="tests.docs.test_developer_guide.TestDeveloperGuideExtensionGuides" name="test_adding_stereo_format_guide" time="0.002" /><testcase classname="tests.docs.test_developer_guide.TestDeveloperGuideExtensionGuides" name="test_adding_cli_command_guide" time="0.002" /><testcase classname="tests.docs.test_developer_guide.TestDeveloperGuideTestingDocumentation" name="test_testing_section_exists" time="0.002" /><testcase classname="tests.docs.test_developer_guide.TestDeveloperGuideTestingDocumentation" name="test_pytest_examples_present" time="0.002" /><testcase classname="tests.docs.test_developer_guide.TestDeveloperGuideTestingDocumentation" name="test_test_fixture_documentation" time="0.002" /><testcase classname="tests.docs.test_developer_guide.TestDeveloperGuideDebuggingDocumentation" name="test_debugging_section_exists" time="0.002" /><testcase classname="tests.docs.test_developer_guide.TestDeveloperGuideDebuggingDocumentation" name="test_logging_documentation" time="0.002" /><testcase classname="tests.docs.test_developer_guide.TestDeveloperGuideDebuggingDocumentation" name="test_common_issues_table" time="0.002" /><testcase classname="tests.integration.test_depth_estimation.TestBatchDepthEstimation" name="test_estimate_depth_batch_full_flow" time="0.043" /><testcase classname="tests.docs.test_developer_guide.TestDeveloperGuidePerformanceDocumentation" name="test_performance_section_exists" time="0.002" /><testcase classname="tests.ci.test_ci_workflow.TestCIWorkflowSyntax" name="test_workflow_has_pull_request_trigger" time="0.056" /><testcase classname="tests.docs.test_developer_guide.TestDeveloperGuidePerformanceDocumentation" name="test_gpu_memory_documentation" time="0.002" /><testcase classname="tests.docs.test_developer_guide.TestDeveloperGuideLinks" name="test_internal_anchor_links" time="0.002" /><testcase classname="tests.docs.test_developer_guide.TestDeveloperGuideLinks" name="test_no_broken_markdown_links" time="0.002" /><testcase classname="tests.docs.test_developer_guide.TestDeveloperGuideLinks" name="test_user_guide_reference" time="0.002" /><testcase classname="tests.docs.test_developer_guide.TestDeveloperGuideCompleteness" name="test_minimum_line_count" time="0.002" /><testcase classname="tests.docs.test_developer_guide.TestDeveloperGuideCompleteness" name="test_minimum_word_count" time="0.002" /><testcase classname="tests.docs.test_developer_guide.TestDeveloperGuideCompleteness" name="test_no_placeholder_text" time="0.003" /><testcase classname="tests.docs.test_developer_guide.TestDeveloperGuideCompleteness" name="test_documentation_freshness" time="0.003" /><testcase classname="tests.docs.test_developer_guide.TestDeveloperGuideProjectStructure" name="test_project_structure_section" time="0.002" /><testcase classname="tests.docs.test_developer_guide.TestDeveloperGuideProjectStructure" name="test_main_directories_documented" time="0.002" /><testcase classname="tests.docs.test_developer_guide.TestDeveloperGuideProjectStructure" name="test_source_structure_documented" time="0.002" /><testcase classname="tests.docs.test_user_guide.TestUserGuideExists" name="test_user_guide_file_exists" time="0.002" /><testcase classname="tests.integration.test_depth_estimation.TestBatchDepthEstimation" name="test_estimate_depth_batch_failure_raises_inference_error" time="0.028" /><testcase classname="tests.docs.test_user_guide.TestUserGuideExists" name="test_user_guide_not_empty" time="0.002" /><testcase classname="tests.docs.test_user_guide.TestUserGuideStructure" name="test_has_table_of_contents" time="0.002" /><testcase classname="tests.docs.test_user_guide.TestUserGuideStructure" name="test_has_all_required_sections" time="0.004" /><testcase classname="tests.docs.test_user_guide.TestUserGuideStructure" name="test_has_version_info" time="0.002" /><testcase classname="tests.docs.test_user_guide.TestUserGuideStructure" name="test_has_development_status_warning" time="0.002" /><testcase classname="tests.ci.test_ci_workflow.TestCIWorkflowSyntax" name="test_workflow_has_workflow_dispatch" time="0.058" /><testcase classname="tests.docs.test_user_guide.TestUserGuideStructure" name="test_section_hierarchy" time="0.004" /><testcase classname="tests.docs.test_user_guide.TestUserGuideCodeBlocks" name="test_code_blocks_balanced" time="0.002" /><testcase classname="tests.docs.test_user_guide.TestUserGuideCodeBlocks" name="test_yaml_code_blocks_valid" time="0.031" /><testcase classname="tests.integration.test_depth_estimation.TestContextManagerFlow" name="test_context_manager_full_flow" time="0.031" /><testcase classname="tests.docs.test_user_guide.TestUserGuideCodeBlocks" name="test_bash_code_blocks_format" time="0.002" /><testcase classname="tests.integration.test_depth_estimation.TestEdgeCases" name="test_estimate_depth_flat_depth_map" time="0.030" /><testcase classname="tests.docs.test_user_guide.TestUserGuideCodeBlocks" name="test_http_code_blocks_format" time="0.002" /><testcase classname="tests.docs.test_user_guide.TestUserGuideLinks" name="test_internal_anchor_links" time="0.002" /><testcase classname="tests.docs.test_user_guide.TestUserGuideLinks" name="test_no_broken_markdown_links" time="0.002" /><testcase classname="tests.docs.test_user_guide.TestUserGuideContent" name="test_lists_all_depth_models" time="0.002" /><testcase classname="tests.ci.test_ci_workflow.TestCIWorkflowPermissions" name="test_workflow_has_permissions" time="0.057" /><testcase classname="tests.docs.test_user_guide.TestUserGuideContent" name="test_lists_all_stereo_formats" time="0.002" /><testcase classname="tests.integration.test_api_auth.TestRegisterEndpoint" name="test_register_duplicate_email" time="0.264" /><testcase classname="tests.docs.test_user_guide.TestUserGuideContent" name="test_documents_cli_commands" time="0.002" /><testcase classname="tests.docs.test_user_guide.TestUserGuideContent" name="test_documents_api_endpoints" time="0.002" /><testcase classname="tests.docs.test_user_guide.TestUserGuideContent" name="test_documents_environment_variables" time="0.002" /><testcase classname="tests.docs.test_user_guide.TestUserGuideContent" name="test_documents_docker_options" time="0.002" /><testcase classname="tests.integration.test_depth_estimation.TestEdgeCases" name="test_multiple_sequential_estimations" time="0.031" /><testcase classname="tests.docs.test_user_guide.TestUserGuideContent" name="test_has_troubleshooting_section" time="0.002" /><testcase classname="tests.docs.test_user_guide.TestUserGuideContent" name="test_has_examples_for_all_cli_commands" time="0.002" /><testcase classname="tests.docs.test_user_guide.TestUserGuideTables" name="test_tables_formatted_correctly" time="0.003" /><testcase classname="tests.docs.test_user_guide.TestUserGuideTables" name="test_model_table_exists" time="0.002" /><testcase classname="tests.docs.test_user_guide.TestUserGuideTables" name="test_format_table_exists" time="0.002" /><testcase classname="tests.docs.test_user_guide.TestUserGuideBestPractices" name="test_has_model_recommendations" time="0.002" /><testcase classname="tests.docs.test_user_guide.TestUserGuideBestPractices" name="test_has_performance_tips" time="0.002" /><testcase classname="tests.docs.test_user_guide.TestUserGuideCompleteness" name="test_minimum_line_count" time="0.002" /><testcase classname="tests.docs.test_user_guide.TestUserGuideCompleteness" name="test_minimum_word_count" time="0.002" /><testcase classname="tests.docs.test_user_guide.TestUserGuideCompleteness" name="test_no_placeholder_text" time="0.002" /><testcase classname="tests.integration.test_depth_estimation.TestEdgeCases" name="test_temporal_smoothing_warning" time="0.031" /><testcase classname="tests.docs.test_user_guide.TestUserGuideCompleteness" name="test_documentation_freshness" time="0.002" /><testcase classname="tests.ci.test_ci_workflow.TestCIWorkflowPermissions" name="test_permissions_are_minimal" time="0.059" /><testcase classname="tests.integration.test_adadepth_integration.TestModelFallbackChain" name="test_fallback_chain_order" time="0.026" /><testcase classname="tests.integration.test_adadepth_integration.TestModelFallbackChain" name="test_fallback_on_primary_failure" time="0.027" /><testcase classname="tests.integration.test_frame_extraction_integration.TestFrameExtractorIntegration" name="test_extract_all_frames_real_video" time="0.184" /><testcase classname="tests.ci.test_ci_workflow.TestCIWorkflowConcurrency" name="test_workflow_has_concurrency" time="0.057" /><testcase classname="tests.integration.test_adadepth_integration.TestModelFallbackChain" name="test_all_models_failure_raises_error" time="0.028" /><testcase classname="tests.integration.test_adadepth_integration.TestSceneAdaptiveSelection" name="test_scene_adaptation_enabled_selects_correct_model" time="0.185" /><testcase classname="tests.ci.test_ci_workflow.TestCIWorkflowConcurrency" name="test_concurrency_cancels_in_progress" time="0.056" /><testcase classname="tests.ci.test_ci_workflow.TestCIWorkflowEnvVars" name="test_workflow_has_env_block" time="0.056" /><testcase classname="tests.integration.test_api_auth.TestRegisterEndpoint" name="test_register_invalid_email" time="0.031" /><testcase classname="tests.ci.test_ci_workflow.TestCIWorkflowEnvVars" name="test_pythondontwritebytecode_set" time="0.055" /><testcase classname="tests.integration.test_api_auth.TestRegisterEndpoint" name="test_register_weak_password" time="0.031" /><testcase classname="tests.integration.test_frame_extraction_integration.TestFrameExtractorIntegration" name="test_extract_with_interval_real_video" time="0.071" /><testcase classname="tests.integration.test_api_auth.TestRegisterEndpoint" name="test_register_username_too_short" time="0.035" /><testcase classname="tests.integration.test_adadepth_integration.TestSceneAdaptiveSelection" name="test_scene_adaptation_disabled_uses_primary" time="0.031" /><testcase classname="tests.ci.test_ci_workflow.TestCIWorkflowJobs" name="test_workflow_has_jobs" time="0.056" /><testcase classname="tests.integration.test_api_auth.TestRegisterEndpoint" name="test_register_username_too_long" time="0.032" /><testcase classname="tests.integration.test_adadepth_integration.TestConfigurationLoading" name="test_config_from_string_model_types" time="0.027" /><testcase classname="tests.integration.test_frame_extraction_integration.TestFrameExtractorIntegration" name="test_extract_single_frame_real_video" time="0.213" /><testcase classname="tests.integration.test_adadepth_integration.TestConfigurationLoading" name="test_config_fallback_chain_from_strings" time="0.027" /><testcase classname="tests.integration.test_api_auth.TestRegisterEndpoint" name="test_register_username_invalid_characters" time="0.035" /><testcase classname="tests.ci.test_ci_workflow.TestCIWorkflowJobs" name="test_has_lint_job" time="0.057" /><testcase classname="tests.integration.test_adadepth_integration.TestModelSelectorWithMockedEstimators" name="test_successful_estimation_with_adabins" time="0.031" /><testcase classname="tests.integration.test_adadepth_integration.TestModelSelectorWithMockedEstimators" name="test_batch_processing_consistency" time="0.029" /><testcase classname="tests.ci.test_ci_workflow.TestCIWorkflowJobs" name="test_has_test_job" time="0.057" /><testcase classname="tests.integration.test_adadepth_integration.TestPreloading" name="test_preload_all_models_in_chain" time="0.028" /><testcase classname="tests.integration.test_adadepth_integration.TestPreloading" name="test_preload_specific_models" time="0.027" /><testcase classname="tests.ci.test_ci_workflow.TestCIWorkflowJobs" name="test_has_test_integration_job" time="0.059" /><testcase classname="tests.integration.test_adadepth_integration.TestErrorHandlingIntegration" name="test_estimator_close_on_selector_close" time="0.028" /><testcase classname="tests.ci.test_ci_workflow.TestCIWorkflowJobs" name="test_has_ci_status_job" time="0.056" /><testcase classname="tests.integration.test_adadepth_integration.TestErrorHandlingIntegration" name="test_context_manager_cleans_up" time="0.026" /><testcase classname="tests.integration.test_frame_extraction_integration.TestFrameExtractorIntegration" name="test_extract_convenience_function" time="0.216" /><testcase classname="tests.integration.test_adaptive_sizer_integration.TestMemoryMonitorIntegration" name="test_real_memory_info_retrieval" time="0.002" /><testcase classname="tests.integration.test_adaptive_sizer_integration.TestMemoryMonitorIntegration" name="test_sizer_uses_real_memory" time="0.002" /><testcase classname="tests.integration.test_adaptive_sizer_integration.TestMemoryMonitorIntegration" name="test_sizer_adjustment_with_real_memory" time="0.002" /><testcase classname="tests.integration.test_adaptive_sizer_integration.TestAdaptiveBatchSizerIntegration" name="test_sizer_initialization_and_basic_ops" time="0.002" /><testcase classname="tests.integration.test_adaptive_sizer_integration.TestAdaptiveBatchSizerIntegration" name="test_callback_invocation_with_real_components" time="0.002" /><testcase classname="tests.integration.test_adaptive_sizer_integration.TestAdaptiveBatchSizerIntegration" name="test_monitoring_start_stop_integration" time="0.303" /><testcase classname="tests.ci.test_ci_workflow.TestLintJob" name="test_lint_runs_on_ubuntu" time="0.058" /><testcase classname="tests.integration.test_api_auth.TestLoginEndpoint" name="test_login_with_username" time="0.492" /><testcase classname="tests.ci.test_ci_workflow.TestLintJob" name="test_lint_has_timeout" time="0.057" /><testcase classname="tests.ci.test_ci_workflow.TestLintJob" name="test_lint_uses_python_311" time="0.057" /><testcase classname="tests.integration.test_frame_extraction_integration.TestFrameExtractorIntegration" name="test_uniform_sampling_real_video" time="0.079" /><testcase classname="tests.ci.test_ci_workflow.TestLintJob" name="test_lint_runs_black" time="0.056" /><testcase classname="tests.ci.test_ci_workflow.TestLintJob" name="test_lint_runs_ruff" time="0.057" /><testcase classname="tests.integration.test_frame_extraction_integration.TestFrameExtractorIntegration" name="test_keyframe_sampling_real_video" time="0.058" /><testcase classname="tests.integration.test_adaptive_sizer_integration.TestAdaptiveBatchSizerIntegration" name="test_oom_handling_integration" time="0.003" /><testcase classname="tests.integration.test_adaptive_sizer_integration.TestHistoryIntegration" name="test_history_records_real_adjustments" time="0.003" /><testcase classname="tests.integration.test_adaptive_sizer_integration.TestHistoryIntegration" name="test_history_with_stability_detection" time="0.002" /><testcase classname="tests.integration.test_adaptive_sizer_integration.TestConfigIntegration" name="test_config_serialization_roundtrip" time="0.003" /><testcase classname="tests.ci.test_ci_workflow.TestLintJob" name="test_lint_runs_isort" time="0.057" /><testcase classname="tests.integration.test_adaptive_sizer_integration.TestContextManagerIntegration" name="test_context_manager_integration" time="0.002" /><testcase classname="tests.integration.test_adaptive_sizer_integration.TestContextManagerIntegration" name="test_context_manager_with_callback" time="0.002" /><testcase classname="tests.integration.test_frame_extraction_integration.TestFrameExtractorIntegration" name="test_frame_preprocessing_resize_real_video" time="0.055" /><testcase classname="tests.integration.test_adaptive_sizer_integration.TestFactoryFunctionIntegration" name="test_create_adaptive_sizer_integration" time="0.003" /><testcase classname="tests.integration.test_adaptive_sizer_integration.TestModuleExportsIntegration" name="test_all_exports_importable" time="0.002" /><testcase classname="tests.integration.test_adaptive_sizer_integration.TestModuleExportsIntegration" name="test_from_main_module_import" time="0.002" /><testcase classname="tests.integration.test_adaptive_sizer_integration.TestGPUIntegration" name="test_gpu_detection" time="0.001"><skipped type="pytest.skip" message="GPU tests require CUDA-enabled GPU">/home/dkp/.ao/data/worktrees/2dto3d/2dto3d-3/tests/integration/test_adaptive_sizer_integration.py:345: GPU tests require CUDA-enabled GPU</skipped></testcase><testcase classname="tests.integration.test_adaptive_sizer_integration.TestGPUIntegration" name="test_sizer_with_gpu" time="0.001"><skipped type="pytest.skip" message="GPU tests require CUDA-enabled GPU">/home/dkp/.ao/data/worktrees/2dto3d/2dto3d-3/tests/integration/test_adaptive_sizer_integration.py:356: GPU tests require CUDA-enabled GPU</skipped></testcase><testcase classname="tests.integration.test_adaptive_sizer_integration.TestGPUIntegration" name="test_gpu_based_adjustment" time="0.001"><skipped type="pytest.skip" message="GPU tests require CUDA-enabled GPU">/home/dkp/.ao/data/worktrees/2dto3d/2dto3d-3/tests/integration/test_adaptive_sizer_integration.py:370: GPU tests require CUDA-enabled GPU</skipped></testcase><testcase classname="tests.k8s.test_kustomize.TestBaseKustomization" name="test_kustomization_has_api_version" time="0.009" /><testcase classname="tests.k8s.test_kustomize.TestBaseKustomization" name="test_kustomization_has_kind" time="0.009" /><testcase classname="tests.k8s.test_kustomize.TestBaseKustomization" name="test_kustomization_has_namespace" time="0.009" /><testcase classname="tests.ci.test_ci_workflow.TestTestJob" name="test_test_runs_on_ubuntu" time="0.056" /><testcase classname="tests.k8s.test_kustomize.TestBaseKustomization" name="test_kustomization_has_resources" time="0.009" /><testcase classname="tests.integration.test_frame_extraction_integration.TestFrameExtractorIntegration" name="test_frame_preprocessing_normalize_real_video" time="0.057" /><testcase classname="tests.k8s.test_kustomize.TestBaseKustomization" name="test_kustomization_references_namespace" time="0.009" /><testcase classname="tests.k8s.test_kustomize.TestBaseKustomization" name="test_kustomization_references_deployment" time="0.009" /><testcase classname="tests.k8s.test_kustomize.TestBaseKustomization" name="test_kustomization_references_service" time="0.009" /><testcase classname="tests.k8s.test_kustomize.TestBaseKustomization" name="test_kustomization_references_configmap" time="0.009" /><testcase classname="tests.ci.test_ci_workflow.TestTestJob" name="test_test_depends_on_lint" time="0.056" /><testcase classname="tests.k8s.test_kustomize.TestBaseKustomization" name="test_kustomization_references_hpa" time="0.009" /><testcase classname="tests.k8s.test_kustomize.TestBaseKustomization" name="test_kustomization_references_pvc" time="0.009" /><testcase classname="tests.integration.test_frame_extraction_integration.TestFrameExtractorIntegration" name="test_buffer_caching_real_video" time="0.061" /><testcase classname="tests.k8s.test_kustomize.TestBaseKustomization" name="test_kustomization_references_rbac" time="0.009" /><testcase classname="tests.k8s.test_kustomize.TestBaseKustomization" name="test_kustomization_references_ingress" time="0.009" /><testcase classname="tests.k8s.test_kustomize.TestBaseKustomization" name="test_kustomization_references_pdb" time="0.009" /><testcase classname="tests.k8s.test_kustomize.TestBaseKustomization" name="test_kustomization_references_resource_quota" time="0.009" /><testcase classname="tests.ci.test_ci_workflow.TestTestJob" name="test_test_has_timeout" time="0.057" /><testcase classname="tests.k8s.test_kustomize.TestBaseKustomization" name="test_kustomization_has_common_labels" time="0.009" /><testcase classname="tests.k8s.test_kustomize.TestBaseKustomization" name="test_kustomization_has_images" time="0.009" /><testcase classname="tests.integration.test_frame_extraction_integration.TestFrameExtractorIntegration" name="test_context_manager_real_video" time="0.200" /><testcase classname="tests.k8s.test_kustomize.TestDevOverlay" name="test_dev_kustomization_exists" time="0.002" /><testcase classname="tests.k8s.test_kustomize.TestDevOverlay" name="test_dev_kustomization_is_valid_yaml" time="0.011" /><testcase classname="tests.k8s.test_kustomize.TestDevOverlay" name="test_dev_references_base" time="0.012" /><testcase classname="tests.k8s.test_kustomize.TestDevOverlay" name="test_dev_has_namespace" time="0.012" /><testcase classname="tests.ci.test_ci_workflow.TestTestJob" name="test_test_has_matrix_strategy" time="0.059" /><testcase classname="tests.integration.test_api_auth.TestLoginEndpoint" name="test_login_with_email" time="0.493" /><testcase classname="tests.k8s.test_kustomize.TestDevOverlay" name="test_dev_has_environment_label" time="0.012" /><testcase classname="tests.k8s.test_kustomize.TestProdOverlay" name="test_prod_kustomization_exists" time="0.002" /><testcase classname="tests.k8s.test_kustomize.TestProdOverlay" name="test_prod_kustomization_is_valid_yaml" time="0.013" /><testcase classname="tests.k8s.test_kustomize.TestProdOverlay" name="test_prod_references_base" time="0.013" /><testcase classname="tests.ci.test_ci_workflow.TestTestJob" name="test_matrix_includes_python_versions" time="0.058"><failure message="AssertionError: Matrix should include Python 3.9&#10;assert '3.9' in ['3.10', '3.11']">E   AssertionError: Matrix should include Python 3.9
    assert '3.9' in ['3.10', '3.11']</failure></testcase><testcase classname="tests.k8s.test_kustomize.TestProdOverlay" name="test_prod_has_namespace" time="0.013" /><testcase classname="tests.k8s.test_kustomize.TestProdOverlay" name="test_prod_has_environment_label" time="0.013" /><testcase classname="tests.k8s.test_kustomize.TestResourceReferences" name="test_all_base_resources_exist" time="0.009" /><testcase classname="tests.ci.test_ci_workflow.TestTestJob" name="test_matrix_does_not_fail_fast" time="0.057" /><testcase classname="tests.integration.test_frame_extraction_integration.TestFrameExtractorIntegration" name="test_extract_range_real_video" time="0.081" /><testcase classname="tests.ci.test_ci_workflow.TestTestJob" name="test_test_uses_pytest" time="0.057" /><testcase classname="tests.ci.test_ci_workflow.TestTestJob" name="test_test_uses_coverage" time="0.056" /><testcase classname="tests.integration.test_frame_extraction_integration.TestFrameExtractorIntegration" name="test_video_metadata_real_video" time="0.058" /><testcase classname="tests.ci.test_ci_workflow.TestTestJob" name="test_test_excludes_slow_and_gpu_tests" time="0.056" /><testcase classname="tests.k8s.test_kustomize.TestNamespaceConsistency" name="test_all_namespaced_resources_use_same_namespace" time="0.228" /><testcase classname="tests.ci.test_ci_workflow.TestTestJob" name="test_test_uploads_artifacts" time="0.056" /><testcase classname="tests.ci.test_ci_workflow.TestCIStatusJob" name="test_ci_status_needs_all_jobs" time="0.057" /><testcase classname="tests.ci.test_ci_workflow.TestCIStatusJob" name="test_ci_status_runs_always" time="0.058" /><testcase classname="tests.integration.test_api_auth.TestLoginEndpoint" name="test_login_wrong_password" time="0.477" /><testcase classname="tests.ci.test_ci_workflow.TestCIStatusJob" name="test_ci_status_has_timeout" time="0.056" /><testcase classname="tests.k8s.test_kustomize.TestLabelConsistency" name="test_all_resources_have_app_label" time="0.227" /><testcase classname="tests.ci.test_ci_workflow.TestCacheConfiguration" name="test_lint_job_has_cache" time="0.057" /><testcase classname="tests.k8s.test_security.TestSecurityContext" name="test_pod_runs_as_non_root" time="0.061" /><testcase classname="tests.ci.test_ci_workflow.TestCacheConfiguration" name="test_test_job_has_cache" time="0.056" /><testcase classname="tests.k8s.test_security.TestSecurityContext" name="test_pod_has_non_root_user_id" time="0.061" /><testcase classname="tests.ci.test_ci_workflow.TestCacheConfiguration" name="test_cache_key_includes_requirements" time="0.056" /><testcase classname="tests.k8s.test_security.TestSecurityContext" name="test_container_no_privilege_escalation" time="0.061" /><testcase classname="tests.integration.test_api_auth.TestLoginEndpoint" name="test_login_nonexistent_user" time="0.044" /><testcase classname="tests.ci.test_ci_workflow.TestCacheConfiguration" name="test_cache_key_includes_pyproject" time="0.056" /><testcase classname="tests.k8s.test_security.TestSecurityContext" name="test_container_drops_all_capabilities" time="0.061" /><testcase classname="tests.ci.test_ci_workflow.TestActionVersions" name="test_checkout_is_v4" time="0.056" /><testcase classname="tests.k8s.test_security.TestSecurityContext" name="test_pod_has_seccomp_profile" time="0.061" /><testcase classname="tests.ci.test_ci_workflow.TestActionVersions" name="test_setup_python_is_v5" time="0.058" /><testcase classname="tests.k8s.test_security.TestNetworkPolicies" name="test_network_policies_exist" time="0.040" /><testcase classname="tests.ci.test_ci_workflow.TestActionVersions" name="test_cache_is_v4" time="0.057" /><testcase classname="tests.k8s.test_security.TestNetworkPolicies" name="test_network_policy_has_ingress_rules" time="0.040" /><testcase classname="tests.k8s.test_security.TestNetworkPolicies" name="test_network_policy_has_egress_rules" time="0.040" /><testcase classname="tests.ci.test_ci_workflow.TestActionVersions" name="test_upload_artifact_is_v4" time="0.057" /><testcase classname="tests.docker.test_docker_compose.TestDockerComposeExists" name="test_docker_compose_exists" time="0.002" /><testcase classname="tests.docker.test_docker_compose.TestDockerComposeExists" name="test_docker_compose_cpu_exists" time="0.002" /><testcase classname="tests.docker.test_docker_compose.TestDockerComposeYamlValidity" name="test_docker_compose_is_valid_yaml" time="0.035" /><testcase classname="tests.k8s.test_security.TestNetworkPolicies" name="test_network_policy_has_pod_selector" time="0.040" /><testcase classname="tests.integration.test_api_auth.TestLoginEndpoint" name="test_login_returns_user_info" time="0.496" /><testcase classname="tests.k8s.test_security.TestRbacConfiguration" name="test_rbac_file_exists" time="0.002" /><testcase classname="tests.docker.test_docker_compose.TestDockerComposeYamlValidity" name="test_docker_compose_cpu_is_valid_yaml" time="0.031" /><testcase classname="tests.k8s.test_security.TestRbacConfiguration" name="test_service_account_exists" time="0.022" /><testcase classname="tests.k8s.test_security.TestRbacConfiguration" name="test_service_account_name_matches_deployment" time="0.022" /><testcase classname="tests.k8s.test_security.TestRbacConfiguration" name="test_role_exists" time="0.022" /><testcase classname="tests.docker.test_docker_compose.TestDockerComposeYamlValidity" name="test_docker_compose_has_version" time="0.035" /><testcase classname="tests.k8s.test_security.TestRbacConfiguration" name="test_role_binding_exists" time="0.022" /><testcase classname="tests.docker.test_docker_compose.TestDockerComposeYamlValidity" name="test_docker_compose_cpu_has_version" time="0.031" /><testcase classname="tests.k8s.test_security.TestRbacConfiguration" name="test_role_binding_references_service_account" time="0.022" /><testcase classname="tests.k8s.test_security.TestPodDisruptionBudget" name="test_pdb_exists" time="0.006" /><testcase classname="tests.k8s.test_security.TestPodDisruptionBudget" name="test_pdb_targets_deployment" time="0.006" /><testcase classname="tests.k8s.test_security.TestPodDisruptionBudget" name="test_pdb_has_availability_requirement" time="0.006" /><testcase classname="tests.k8s.test_security.TestPodDisruptionBudget" name="test_pdb_min_available_is_reasonable" time="0.006" /><testcase classname="tests.docker.test_docker_compose.TestDockerComposeYamlValidity" name="test_docker_compose_has_services" time="0.036" /><testcase classname="tests.k8s.test_security.TestResourceQuotas" name="test_resource_quota_exists" time="0.023" /><testcase classname="tests.docker.test_docker_compose.TestDockerComposeServices" name="test_docker_compose_has_main_service" time="0.036" /><testcase classname="tests.k8s.test_security.TestResourceQuotas" name="test_resource_quota_has_cpu_limits" time="0.023" /><testcase classname="tests.k8s.test_security.TestResourceQuotas" name="test_resource_quota_has_memory_limits" time="0.023" /><testcase classname="tests.docker.test_docker_compose.TestDockerComposeServices" name="test_docker_compose_has_api_service" time="0.036" /><testcase classname="tests.k8s.test_security.TestResourceQuotas" name="test_resource_quota_limits_pods" time="0.022" /><testcase classname="tests.docker.test_docker_compose.TestDockerComposeServices" name="test_docker_compose_has_batch_service" time="0.036" /><testcase classname="tests.k8s.test_security.TestLimitRange" name="test_limit_range_exists" time="0.022" /><testcase classname="tests.k8s.test_security.TestLimitRange" name="test_limit_range_has_container_limits" time="0.022" /><testcase classname="tests.docker.test_docker_compose.TestDockerComposeServices" name="test_docker_compose_cpu_has_main_service" time="0.031" /><testcase classname="tests.k8s.test_security.TestLimitRange" name="test_limit_range_has_default_requests" time="0.022" /><testcase classname="tests.integration.test_frame_extraction_integration.TestFrameExtractorIntegration" name="test_large_video_memory_efficiency" time="1.137" /><testcase classname="tests.k8s.test_security.TestSecretsConfiguration" name="test_secrets_file_exists" time="0.002" /><testcase classname="tests.k8s.test_security.TestSecretsConfiguration" name="test_secrets_has_template_comment" time="0.002" /><testcase classname="tests.docker.test_docker_compose.TestDockerComposeServices" name="test_docker_compose_cpu_has_api_service" time="0.031" /><testcase classname="tests.docker.test_docker_compose.TestDockerComposeServices" name="test_docker_compose_cpu_has_batch_service" time="0.033" /><testcase classname="tests.k8s.test_security.TestIngressSecurity" name="test_ingress_has_rate_limiting" time="0.043" /><testcase classname="tests.docker.test_docker_compose.TestDockerComposeServices" name="test_api_service_has_profile" time="0.035" /><testcase classname="tests.k8s.test_security.TestIngressSecurity" name="test_ingress_has_body_size_limit" time="0.040" /><testcase classname="tests.integration.test_frame_extraction_integration.TestFrameExtractorIntegration" name="test_frame_content_consistency" time="0.206" /><testcase classname="tests.docker.test_docker_compose.TestDockerComposeServices" name="test_batch_service_has_profile" time="0.036" /><testcase classname="tests.k8s.test_security.TestSecurityBestPracticesSummary" name="test_deployment_has_all_security_hardening" time="0.061" /><testcase classname="tests.docker.test_docker_compose.TestDockerComposeServices" name="test_batch_service_no_auto_restart" time="0.036" /><testcase classname="tests.k8s.test_service.TestServiceExists" name="test_service_file_exists" time="0.002" /><testcase classname="tests.k8s.test_service.TestServiceExists" name="test_service_is_valid_yaml" time="0.017" /><testcase classname="tests.integration.test_api_auth.TestRefreshEndpoint" name="test_refresh_success" time="0.270" /><testcase classname="tests.k8s.test_service.TestMainService" name="test_main_service_exists" time="0.016" /><testcase classname="tests.docker.test_docker_compose.TestDockerComposeVolumes" name="test_main_service_has_inputs_volume" time="0.036" /><testcase classname="tests.k8s.test_service.TestMainService" name="test_main_service_api_version" time="0.017" /><testcase classname="tests.integration.test_api_auth.TestRefreshEndpoint" name="test_refresh_invalid_token" time="0.033" /><testcase classname="tests.k8s.test_service.TestMainService" name="test_main_service_kind" time="0.018" /><testcase classname="tests.docker.test_docker_compose.TestDockerComposeVolumes" name="test_main_service_has_outputs_volume" time="0.036" /><testcase classname="tests.k8s.test_service.TestMainService" name="test_main_service_has_namespace" time="0.016" /><testcase classname="tests.k8s.test_service.TestMainService" name="test_main_service_type" time="0.016" /><testcase classname="tests.docker.test_docker_compose.TestDockerComposeVolumes" name="test_main_service_has_logs_volume" time="0.036" /><testcase classname="tests.k8s.test_service.TestMainService" name="test_main_service_has_selector" time="0.016" /><testcase classname="tests.k8s.test_service.TestMainService" name="test_main_service_selector_matches_deployment" time="0.016" /><testcase classname="tests.integration.test_frame_extraction_integration.TestFrameBufferIntegration" name="test_buffer_with_real_frames" time="0.066" /><testcase classname="tests.docker.test_docker_compose.TestDockerComposeVolumes" name="test_main_service_has_config_volume" time="0.036" /><testcase classname="tests.k8s.test_service.TestMainService" name="test_main_service_has_ports" time="0.015" /><testcase classname="tests.k8s.test_service.TestMainService" name="test_main_service_http_port" time="0.018" /><testcase classname="tests.docker.test_docker_compose.TestDockerComposeVolumes" name="test_main_service_has_models_volume" time="0.035" /><testcase classname="tests.k8s.test_service.TestHeadlessService" name="test_headless_service_exists" time="0.016" /><testcase classname="tests.integration.test_frame_extraction_integration.TestFrameBufferIntegration" name="test_buffer_eviction_with_real_frames" time="0.065" /><testcase classname="tests.k8s.test_service.TestHeadlessService" name="test_headless_service_has_none_cluster_ip" time="0.016" /><testcase classname="tests.docker.test_docker_compose.TestDockerComposeVolumes" name="test_inputs_volume_is_read_only" time="0.035" /><testcase classname="tests.k8s.test_service.TestHeadlessService" name="test_headless_service_has_selector" time="0.016" /><testcase classname="tests.k8s.test_service.TestServiceAnnotations" name="test_main_service_has_prometheus_annotations" time="0.016" /><testcase classname="tests.docker.test_docker_compose.TestDockerComposeVolumes" name="test_docker_compose_has_named_volumes" time="0.035" /><testcase classname="tests.k8s.test_service.TestServiceLabels" name="test_main_service_has_app_label" time="0.016" /><testcase classname="tests.integration.test_frame_extraction_integration.TestEndToEndScenarios" name="test_complete_extraction_workflow" time="0.244" /><testcase classname="tests.k8s.test_service.TestServiceLabels" name="test_main_service_has_component_label" time="0.016" /><testcase classname="tests.k8s.test_yaml_validity.TestK8sDirectoryStructure" name="test_k8s_directory_exists" time="0.002" /><testcase classname="tests.k8s.test_yaml_validity.TestK8sDirectoryStructure" name="test_k8s_base_directory_exists" time="0.002" /><testcase classname="tests.docker.test_docker_compose.TestDockerComposeVolumes" name="test_docker_compose_has_models_named_volume" time="0.036" /><testcase classname="tests.k8s.test_yaml_validity.TestK8sDirectoryStructure" name="test_k8s_overlays_directory_exists" time="0.002" /><testcase classname="tests.k8s.test_yaml_validity.TestK8sDirectoryStructure" name="test_dev_overlay_directory_exists" time="0.002" /><testcase classname="tests.k8s.test_yaml_validity.TestK8sDirectoryStructure" name="test_prod_overlay_directory_exists" time="0.002" /><testcase classname="tests.k8s.test_yaml_validity.TestManifestFilesExist" name="test_namespace_yaml_exists" time="0.002" /><testcase classname="tests.k8s.test_yaml_validity.TestManifestFilesExist" name="test_configmap_yaml_exists" time="0.002" /><testcase classname="tests.k8s.test_yaml_validity.TestManifestFilesExist" name="test_secrets_yaml_exists" time="0.002" /><testcase classname="tests.k8s.test_yaml_validity.TestManifestFilesExist" name="test_pvc_yaml_exists" time="0.002" /><testcase classname="tests.k8s.test_yaml_validity.TestManifestFilesExist" name="test_deployment_yaml_exists" time="0.002" /><testcase classname="tests.k8s.test_yaml_validity.TestManifestFilesExist" name="test_service_yaml_exists" time="0.002" /><testcase classname="tests.integration.test_api_auth.TestRefreshEndpoint" name="test_refresh_with_access_token_fails" time="0.261" /><testcase classname="tests.k8s.test_yaml_validity.TestManifestFilesExist" name="test_hpa_yaml_exists" time="0.002" /><testcase classname="tests.k8s.test_yaml_validity.TestManifestFilesExist" name="test_ingress_yaml_exists" time="0.002" /><testcase classname="tests.docker.test_docker_compose.TestDockerComposeEnvironment" name="test_main_service_has_env_vars" time="0.037" /><testcase classname="tests.k8s.test_yaml_validity.TestManifestFilesExist" name="test_rbac_yaml_exists" time="0.002" /><testcase classname="tests.k8s.test_yaml_validity.TestManifestFilesExist" name="test_pdb_yaml_exists" time="0.002" /><testcase classname="tests.k8s.test_yaml_validity.TestManifestFilesExist" name="test_resource_quota_yaml_exists" time="0.002" /><testcase classname="tests.k8s.test_yaml_validity.TestManifestFilesExist" name="test_kustomization_yaml_exists" time="0.002" /><testcase classname="tests.k8s.test_yaml_validity.TestManifestFilesExist" name="test_readme_exists" time="0.002" /><testcase classname="tests.k8s.test_yaml_validity.TestYamlValidity" name="test_namespace_is_valid_yaml" time="0.006" /><testcase classname="tests.k8s.test_yaml_validity.TestYamlValidity" name="test_configmap_is_valid_yaml" time="0.017" /><testcase classname="tests.docker.test_docker_compose.TestDockerComposeEnvironment" name="test_main_service_has_video2d3d_env" time="0.036" /><testcase classname="tests.k8s.test_yaml_validity.TestYamlValidity" name="test_secrets_is_valid_yaml" time="0.011" /><testcase classname="tests.k8s.test_yaml_validity.TestYamlValidity" name="test_pvc_is_valid_yaml" time="0.022" /><testcase classname="tests.docker.test_docker_compose.TestDockerComposeEnvironment" name="test_main_service_has_log_level" time="0.036" /><testcase classname="tests.k8s.test_yaml_validity.TestYamlValidity" name="test_deployment_is_valid_yaml" time="0.062" /><testcase classname="tests.docker.test_docker_compose.TestDockerComposeEnvironment" name="test_gpu_compose_has_cuda_device" time="0.037" /><testcase classname="tests.k8s.test_yaml_validity.TestYamlValidity" name="test_service_is_valid_yaml" time="0.016" /><testcase classname="tests.docker.test_docker_compose.TestDockerComposeEnvironment" name="test_cpu_compose_has_no_gpu_flag" time="0.032" /><testcase classname="tests.k8s.test_yaml_validity.TestYamlValidity" name="test_hpa_is_valid_yaml" time="0.025" /><testcase classname="tests.docker.test_docker_compose.TestDockerComposeHealthCheck" name="test_main_service_has_healthcheck" time="0.035" /><testcase classname="tests.k8s.test_yaml_validity.TestYamlValidity" name="test_ingress_is_valid_yaml" time="0.041" /><testcase classname="tests.integration.test_frame_extraction_integration.TestEndToEndScenarios" name="test_video_thumbnail_extraction" time="0.213" /><testcase classname="tests.docker.test_docker_compose.TestDockerComposeHealthCheck" name="test_healthcheck_has_test" time="0.036" /><testcase classname="tests.k8s.test_yaml_validity.TestYamlValidity" name="test_rbac_is_valid_yaml" time="0.026" /><testcase classname="tests.integration.test_api_auth.TestMeEndpoint" name="test_me_success" time="0.269" /><testcase classname="tests.k8s.test_yaml_validity.TestYamlValidity" name="test_pdb_is_valid_yaml" time="0.006" /><testcase classname="tests.docker.test_docker_compose.TestDockerComposeHealthCheck" name="test_healthcheck_uses_script" time="0.036" /><testcase classname="tests.k8s.test_yaml_validity.TestYamlValidity" name="test_resource_quota_is_valid_yaml" time="0.023" /><testcase classname="tests.integration.test_api_auth.TestMeEndpoint" name="test_me_no_token" time="0.031" /><testcase classname="tests.k8s.test_yaml_validity.TestYamlValidity" name="test_kustomization_is_valid_yaml" time="0.009" /><testcase classname="tests.docker.test_docker_compose.TestDockerComposeHealthCheck" name="test_healthcheck_has_interval" time="0.036" /><testcase classname="tests.k8s.test_yaml_validity.TestYamlValidity" name="test_dev_kustomization_is_valid_yaml" time="0.011" /><testcase classname="tests.k8s.test_yaml_validity.TestYamlValidity" name="test_prod_kustomization_is_valid_yaml" time="0.013" /><testcase classname="tests.integration.test_api_auth.TestMeEndpoint" name="test_me_invalid_token" time="0.030" /><testcase classname="tests.docker.test_docker_compose.TestDockerComposeHealthCheck" name="test_healthcheck_has_timeout" time="0.036" /><testcase classname="tests.integration.test_api_auth.TestMeEndpoint" name="test_me_with_refresh_token_fails" time="0.265" /><testcase classname="tests.docker.test_docker_compose.TestDockerComposeHealthCheck" name="test_healthcheck_has_retries" time="0.036" /><testcase classname="tests.docker.test_docker_compose.TestDockerComposeGPUConfig" name="test_gpu_compose_has_gpu_reservation" time="0.035" /><testcase classname="tests.integration.test_frame_extraction_integration.TestEndToEndScenarios" name="test_video_analysis_workflow" time="0.204" /><testcase classname="tests.docker.test_docker_compose.TestDockerComposeGPUConfig" name="test_gpu_compose_uses_nvidia_driver" time="0.036" /><testcase classname="tests.docker.test_docker_compose.TestDockerComposeGPUConfig" name="test_cpu_compose_no_gpu_reservation" time="0.032" /><testcase classname="tests.docker.test_docker_compose.TestDockerComposeResourceLimits" name="test_cpu_compose_has_resource_limits" time="0.032" /><testcase classname="tests.docker.test_docker_compose.TestDockerComposeResourceLimits" name="test_cpu_compose_has_cpu_limit" time="0.032" /><testcase classname="tests.k8s.test_yaml_validity.TestKubernetesApiVersion" name="test_all_manifests_have_api_version" time="0.228" /><testcase classname="tests.integration.test_gui_tabs.TestConvertTab" name="test_initialization" time="0.001"><skipped type="pytest.skip" message="PyQt6 not available">/home/dkp/.ao/data/worktrees/2dto3d/2dto3d-3/tests/integration/test_gui_tabs.py:53: PyQt6 not available</skipped></testcase><testcase classname="tests.integration.test_opticalflow_integration.TestFarnebackOpticalFlowIntegration" name="test_compute_flow_farneback_basic" time="0.005" /><testcase classname="tests.integration.test_opticalflow_integration.TestFarnebackOpticalFlowIntegration" name="test_compute_flow_farneback_identical_frames" time="0.004" /><testcase classname="tests.integration.test_opticalflow_integration.TestFarnebackOpticalFlowIntegration" name="test_compute_flow_farneback_motion_frames" time="0.006" /><testcase classname="tests.docker.test_docker_compose.TestDockerComposeResourceLimits" name="test_cpu_compose_has_memory_limit" time="0.032" /><testcase classname="tests.integration.test_opticalflow_integration.TestFarnebackOpticalFlowIntegration" name="test_compute_flow_farneback_custom_params" time="0.005" /><testcase classname="tests.integration.test_opticalflow_integration.TestFarnebackOpticalFlowIntegration" name="test_compute_flow_farneback_different_sizes" time="0.089" /><testcase classname="tests.docker.test_docker_compose.TestDockerComposeNetworks" name="test_docker_compose_has_networks" time="0.036" /><testcase classname="tests.docker.test_docker_compose.TestDockerComposeNetworks" name="test_docker_compose_has_named_network" time="0.035" /><testcase classname="tests.integration.test_opticalflow_integration.TestBatchProcessingIntegration" name="test_batch_processing_farneback" time="0.011" /><testcase classname="tests.docker.test_docker_compose.TestDockerComposeNetworks" name="test_docker_compose_cpu_has_networks" time="0.032" /><testcase classname="tests.integration.test_opticalflow_integration.TestBatchProcessingIntegration" name="test_batch_processing_consistency" time="0.019" /><testcase classname="tests.integration.test_opticalflow_integration.TestFlowVisualizationIntegration" name="test_visualize_flow_basic" time="0.005" /><testcase classname="tests.integration.test_opticalflow_integration.TestFlowVisualizationIntegration" name="test_visualize_flow_with_overlay" time="0.005" /><testcase classname="tests.docker.test_docker_compose.TestDockerComposePorts" name="test_main_service_exposes_port" time="0.036" /><testcase classname="tests.integration.test_opticalflow_integration.TestFlowVisualizationIntegration" name="test_visualize_flow_zero_flow" time="0.005" /><testcase classname="tests.integration.test_opticalflow_integration.TestConvenienceFunctionsIntegration" name="test_compute_optical_flow_function" time="0.005" /><testcase classname="tests.integration.test_opticalflow_integration.TestConvenienceFunctionsIntegration" name="test_create_opticalflow_engine_function" time="0.004" /><testcase classname="tests.integration.test_opticalflow_integration.TestContextManagerIntegration" name="test_context_manager_cleanup" time="0.005" /><testcase classname="tests.integration.test_opticalflow_integration.TestCallableInterfaceIntegration" name="test_callable_interface" time="0.004" /><testcase classname="tests.integration.test_opticalflow_integration.TestInputValidationIntegration" name="test_visualize_flow_validation_invalid_shape" time="0.003" /><testcase classname="tests.integration.test_opticalflow_integration.TestInputValidationIntegration" name="test_visualize_flow_validation_frame_mismatch" time="0.005" /><testcase classname="tests.docker.test_docker_compose.TestDockerComposePorts" name="test_api_service_exposes_port" time="0.037" /><testcase classname="tests.integration.test_opticalflow_integration.TestModuleImportsIntegration" name="test_module_level_imports" time="0.002" /><testcase classname="tests.integration.test_opticalflow_integration.TestModuleImportsIntegration" name="test_engine_module_imports" time="0.002" /><testcase classname="tests.integration.test_opticalflow_integration.TestReprMethodsIntegration" name="test_config_repr" time="0.002" /><testcase classname="tests.integration.test_opticalflow_integration.TestReprMethodsIntegration" name="test_engine_repr" time="0.002" /><testcase classname="tests.integration.test_preview_integration.TestPreviewConfigIntegration" name="test_load_config_includes_preview_section" time="0.005" /><testcase classname="tests.k8s.test_yaml_validity.TestKubernetesApiVersion" name="test_all_manifests_have_kind" time="0.227" /><testcase classname="tests.integration.test_preview_integration.TestPreviewConfigIntegration" name="test_load_config_defaults_for_preview" time="0.003" /><testcase classname="tests.integration.test_preview_integration.TestPreviewConfigIntegration" name="test_create_preview_window_from_app_config" time="0.004" /><testcase classname="tests.integration.test_preview_integration.TestPreviewConfigIntegration" name="test_layout_string_to_enum_conversion" time="0.005" /><testcase classname="tests.docker.test_docker_compose.TestDockerComposeBuildConfig" name="test_main_service_specifies_dockerfile" time="0.036" /><testcase classname="tests.integration.test_preview_integration.TestPreviewWindowWithComponents" name="test_preview_with_depth_processor_output" time="0.064" /><testcase classname="tests.docker.test_docker_compose.TestDockerComposeBuildConfig" name="test_gpu_compose_uses_gpu_dockerfile" time="0.036" /><testcase classname="tests.integration.test_api_auth.TestLogoutEndpoint" name="test_logout_success" time="0.271" /><testcase classname="tests.integration.test_preview_integration.TestPreviewWindowWithComponents" name="test_preview_with_different_resolutions" time="0.362" /><testcase classname="tests.docker.test_docker_compose.TestDockerComposeBuildConfig" name="test_cpu_compose_uses_cpu_dockerfile" time="0.034" /><testcase classname="tests.integration.test_api_auth.TestLogoutEndpoint" name="test_logout_no_token" time="0.030" /><testcase classname="tests.docker.test_docker_compose.TestDockerComposeBuildConfig" name="test_main_service_has_image_name" time="0.035" /><testcase classname="tests.integration.test_api_auth.TestRoleBasedAccess" name="test_user_role_in_response" time="0.264" /><testcase classname="tests.docker.test_docker_compose.TestDockerComposeLogging" name="test_main_service_has_logging" time="0.036" /><testcase classname="tests.docker.test_docker_compose.TestDockerComposeLogging" name="test_logging_uses_json_driver" time="0.035" /><testcase classname="tests.k8s.test_yaml_validity.TestKubernetesApiVersion" name="test_all_manifests_have_metadata" time="0.228" /><testcase classname="tests.docker.test_docker_compose.TestDockerComposeLogging" name="test_logging_has_max_size" time="0.035" /><testcase classname="tests.docker.test_docker_compose.TestDockerComposeLogging" name="test_logging_has_max_file" time="0.035" /><testcase classname="tests.docker.test_docker_compose.TestDockerComposeSecurity" name="test_main_service_has_security_opt" time="0.036" /><testcase classname="tests.docker.test_docker_compose.TestDockerComposeSecurity" name="test_main_service_no_new_privileges" time="0.036" /><testcase classname="tests.docker.test_dockerfile.TestDockerfileExists" name="test_dockerfile_exists" time="0.002" /><testcase classname="tests.docker.test_dockerfile.TestDockerfileExists" name="test_dockerfile_cpu_exists" time="0.002" /><testcase classname="tests.docker.test_dockerfile.TestDockerfileExists" name="test_dockerfile_is_readable" time="0.002" /><testcase classname="tests.docker.test_dockerfile.TestDockerfileExists" name="test_dockerfile_cpu_is_readable" time="0.002" /><testcase classname="tests.docker.test_dockerfile.TestDockerfileStructure" name="test_dockerfile_has_from_instruction" time="0.002" /><testcase classname="tests.docker.test_dockerfile.TestDockerfileStructure" name="test_dockerfile_has_arg_for_versions" time="0.002" /><testcase classname="tests.docker.test_dockerfile.TestDockerfileStructure" name="test_dockerfile_cpu_has_arg_for_versions" time="0.002" /><testcase classname="tests.docker.test_dockerfile.TestDockerfileStructure" name="test_dockerfile_uses_multistage_build" time="0.002" /><testcase classname="tests.docker.test_dockerfile.TestDockerfileStructure" name="test_dockerfile_cpu_uses_multistage_build" time="0.002" /><testcase classname="tests.docker.test_dockerfile.TestDockerfileStructure" name="test_dockerfile_has_builder_stage" time="0.002" /><testcase classname="tests.docker.test_dockerfile.TestDockerfileStructure" name="test_dockerfile_has_runtime_stage" time="0.002" /><testcase classname="tests.docker.test_dockerfile.TestDockerfileLabels" name="test_dockerfile_has_maintainer_label" time="0.002" /><testcase classname="tests.docker.test_dockerfile.TestDockerfileLabels" name="test_dockerfile_has_title_label" time="0.002" /><testcase classname="tests.docker.test_dockerfile.TestDockerfileLabels" name="test_dockerfile_has_description_label" time="0.002" /><testcase classname="tests.docker.test_dockerfile.TestDockerfileLabels" name="test_dockerfile_has_version_label" time="0.002" /><testcase classname="tests.docker.test_dockerfile.TestDockerfileLabels" name="test_dockerfile_has_source_label" time="0.002" /><testcase classname="tests.integration.test_api_auth.TestRoleBasedAccess" name="test_user_role_is_lowercase" time="0.269" /><testcase classname="tests.docker.test_dockerfile.TestDockerfileLabels" name="test_dockerfile_has_licenses_label" time="0.002" /><testcase classname="tests.docker.test_dockerfile.TestDockerfileSecurity" name="test_dockerfile_creates_non_root_user" time="0.002" /><testcase classname="tests.docker.test_dockerfile.TestDockerfileSecurity" name="test_dockerfile_switches_to_non_root" time="0.002" /><testcase classname="tests.docker.test_dockerfile.TestDockerfileSecurity" name="test_dockerfile_no_secrets_hardcoded" time="0.003" /><testcase classname="tests.docker.test_dockerfile.TestDockerfileSecurity" name="test_dockerfile_no_sudo" time="0.002" /><testcase classname="tests.docker.test_dockerfile.TestDockerfileSecurity" name="test_dockerfile_no_ssh_private_keys" time="0.002" /><testcase classname="tests.docker.test_dockerfile.TestDockerfileHealthCheck" name="test_dockerfile_has_healthcheck" time="0.002" /><testcase classname="tests.docker.test_dockerfile.TestDockerfileHealthCheck" name="test_dockerfile_healthcheck_interval" time="0.002" /><testcase classname="tests.docker.test_dockerfile.TestDockerfileHealthCheck" name="test_dockerfile_healthcheck_timeout" time="0.002" /><testcase classname="tests.docker.test_dockerfile.TestDockerfileHealthCheck" name="test_dockerfile_healthcheck_retries" time="0.002" /><testcase classname="tests.docker.test_dockerfile.TestDockerfileHealthCheck" name="test_dockerfile_healthcheck_start_period" time="0.002" /><testcase classname="tests.integration.test_preview_integration.TestPreviewWindowWithComponents" name="test_preview_auto_resize_with_large_frames" time="0.152" /><testcase classname="tests.docker.test_dockerfile.TestDockerfileHealthCheck" name="test_dockerfile_healthcheck_uses_script" time="0.002" /><testcase classname="tests.docker.test_dockerfile.TestDockerfileEntrypoint" name="test_dockerfile_has_entrypoint" time="0.002" /><testcase classname="tests.docker.test_dockerfile.TestDockerfileEntrypoint" name="test_dockerfile_entrypoint_uses_script" time="0.002" /><testcase classname="tests.docker.test_dockerfile.TestDockerfileEntrypoint" name="test_dockerfile_copies_entrypoint" time="0.002" /><testcase classname="tests.k8s.test_yaml_validity.TestKubernetesApiVersion" name="test_api_versions_are_valid" time="0.233" /><testcase classname="tests.docker.test_dockerfile.TestDockerfileEntrypoint" name="test_dockerfile_makes_entrypoint_executable" time="0.002" /><testcase classname="tests.docker.test_dockerfile.TestDockerfileDependencies" name="test_dockerfile_installs_ffmpeg" time="0.002" /><testcase classname="tests.docker.test_dockerfile.TestDockerfileDependencies" name="test_dockerfile_installs_pytorch" time="0.002" /><testcase classname="tests.docker.test_dockerfile.TestDockerfileDependencies" name="test_dockerfile_uses_cuda_base_image" time="0.002" /><testcase classname="tests.docker.test_dockerfile.TestDockerfileDependencies" name="test_dockerfile_cpu_uses_python_base" time="0.002" /><testcase classname="tests.docker.test_dockerfile.TestDockerfileDependencies" name="test_dockerfile_installs_requirements" time="0.002" /><testcase classname="tests.docker.test_dockerfile.TestDockerfileDependencies" name="test_dockerfile_installs_package" time="0.002" /><testcase classname="tests.docker.test_dockerfile.TestDockerfileDependencies" name="test_dockerfile_copies_source_code" time="0.002" /><testcase classname="tests.docker.test_dockerfile.TestDockerfileEnvVars" name="test_dockerfile_sets_pythonunbuffered" time="0.002" /><testcase classname="tests.docker.test_dockerfile.TestDockerfileEnvVars" name="test_dockerfile_sets_pythondontwritebytecode" time="0.002" /><testcase classname="tests.docker.test_dockerfile.TestDockerfileEnvVars" name="test_dockerfile_sets_cuda_visible_devices" time="0.002" /><testcase classname="tests.docker.test_dockerfile.TestDockerfileEnvVars" name="test_dockerfile_cpu_sets_no_gpu_flag" time="0.002" /><testcase classname="tests.docker.test_dockerfile.TestDockerfileDirectories" name="test_dockerfile_creates_app_directory" time="0.002" /><testcase classname="tests.docker.test_dockerfile.TestDockerfileDirectories" name="test_dockerfile_creates_inputs_dir" time="0.002" /><testcase classname="tests.docker.test_dockerfile.TestDockerfileDirectories" name="test_dockerfile_creates_outputs_dir" time="0.002" /><testcase classname="tests.docker.test_dockerfile.TestDockerfileDirectories" name="test_dockerfile_creates_logs_dir" time="0.002" /><testcase classname="tests.docker.test_dockerfile.TestDockerfileDirectories" name="test_dockerfile_creates_models_dir" time="0.002" /><testcase classname="tests.docker.test_dockerfile.TestDockerfileDirectories" name="test_dockerfile_sets_directory_permissions" time="0.002" /><testcase classname="tests.docker.test_dockerfile.TestDockerfilePorts" name="test_dockerfile_exposes_api_port" time="0.002" /><testcase classname="tests.docker.test_dockerfile.TestDockerfilePorts" name="test_dockerfile_cpu_exposes_api_port" time="0.003" /><testcase classname="tests.docker.test_dockerfile.TestDockerfileLayerOrdering" name="test_dockerfile_copies_requirements_before_source" time="0.003" /><testcase classname="tests.docker.test_dockerfile.TestDockerfileLayerOrdering" name="test_dockerfile_installs_deps_before_copying_source" time="0.003" /><testcase classname="tests.docker.test_dockerfile.TestDockerfileOpenCVDependencies" name="test_dockerfile_installs_opencv_deps" time="0.003" /><testcase classname="tests.docker.test_dockerfile.TestDockerfileOpenCVDependencies" name="test_dockerfile_cpu_installs_opencv_deps" time="0.004" /><testcase classname="tests.docker.test_dockerignore.TestDockerignoreExists" name="test_dockerignore_exists" time="0.003" /><testcase classname="tests.docker.test_dockerignore.TestDockerignoreExists" name="test_dockerignore_is_file" time="0.002" /><testcase classname="tests.docker.test_dockerignore.TestDockerignoreExists" name="test_dockerignore_is_readable" time="0.002" /><testcase classname="tests.docker.test_dockerignore.TestDockerignorePythonExclusions" name="test_dockerignore_excludes_pycache" time="0.005" /><testcase classname="tests.docker.test_dockerignore.TestDockerignorePythonExclusions" name="test_dockerignore_excludes_pyc_files" time="0.003" /><testcase classname="tests.docker.test_dockerignore.TestDockerignorePythonExclusions" name="test_dockerignore_excludes_egg_info" time="0.002" /><testcase classname="tests.docker.test_dockerignore.TestDockerignorePythonExclusions" name="test_dockerignore_excludes_dist" time="0.002" /><testcase classname="tests.docker.test_dockerignore.TestDockerignorePythonExclusions" name="test_dockerignore_excludes_build" time="0.002" /><testcase classname="tests.docker.test_dockerignore.TestDockerignorePythonExclusions" name="test_dockerignore_excludes_venv" time="0.002" /><testcase classname="tests.docker.test_dockerignore.TestDockerignoreIDEExclusions" name="test_dockerignore_excludes_idea" time="0.002" /><testcase classname="tests.docker.test_dockerignore.TestDockerignoreIDEExclusions" name="test_dockerignore_excludes_vscode" time="0.002" /><testcase classname="tests.integration.test_preview_integration.TestPreviewErrorHandling" name="test_handles_window_creation_error" time="0.055" /><testcase classname="tests.docker.test_dockerignore.TestDockerignoreTestingExclusions" name="test_dockerignore_excludes_pytest_cache" time="0.002" /><testcase classname="tests.docker.test_dockerignore.TestDockerignoreTestingExclusions" name="test_dockerignore_excludes_coverage" time="0.002" /><testcase classname="tests.docker.test_dockerignore.TestDockerignoreTestingExclusions" name="test_dockerignore_excludes_htmlcov" time="0.002" /><testcase classname="tests.docker.test_dockerignore.TestDockerignoreGitExclusions" name="test_dockerignore_excludes_git" time="0.002" /><testcase classname="tests.docker.test_dockerignore.TestDockerignoreDockerExclusions" name="test_dockerignore_excludes_dockerfiles" time="0.002" /><testcase classname="tests.docker.test_dockerignore.TestDockerignoreDockerExclusions" name="test_dockerignore_excludes_docker_compose" time="0.002" /><testcase classname="tests.docker.test_dockerignore.TestDockerignoreDockerExclusions" name="test_dockerignore_excludes_dockerignore" time="0.002" /><testcase classname="tests.docker.test_
[...]
s.integration.test_api_downloads.TestDownloadFile" name="test_download_file_success" time="0.023" /><testcase classname="tests.integration.test_api_downloads.TestDownloadFile" name="test_download_file_avi" time="0.018" /><testcase classname="tests.integration.test_api_downloads.TestDownloadFile" name="test_download_file_mov" time="0.016" /><testcase classname="tests.integration.test_api_downloads.TestDownloadFile" name="test_download_file_mkv" time="0.015" /><testcase classname="tests.integration.test_api_downloads.TestDownloadFile" name="test_download_file_webm" time="0.015" /><testcase classname="tests.integration.test_api_downloads.TestDownloadFile" name="test_download_file_not_found" time="0.014" /><testcase classname="tests.integration.test_api_downloads.TestDownloadFile" name="test_download_file_invalid_id" time="0.015" /><testcase classname="tests.integration.test_api_downloads.TestDownloadFile" name="test_download_file_by_prefix" time="0.016" /><testcase classname="tests.integration.test_api_downloads.TestGetDownloadInfo" name="test_get_download_info_success" time="0.014" /><testcase classname="tests.integration.test_api_downloads.TestGetDownloadInfo" name="test_get_download_info_not_found" time="0.015" /><testcase classname="tests.integration.test_api_downloads.TestGetDownloadInfo" name="test_get_download_info_invalid_id" time="0.014" /><testcase classname="tests.integration.test_api_downloads.TestListDownloads" name="test_list_downloads_empty" time="0.018" /><testcase classname="tests.integration.test_api_downloads.TestListDownloads" name="test_list_downloads_with_files" time="0.014" /><testcase classname="tests.integration.test_api_downloads.TestListDownloads" name="test_list_downloads_excludes_non_video" time="0.014" /><testcase classname="tests.integration.test_api_downloads.TestListDownloads" name="test_list_downloads_sorted_by_time" time="0.046" /><testcase classname="tests.integration.test_api_downloads.TestDeleteDownload" name="test_delete_download_success" time="0.016" /><testcase classname="tests.integration.test_api_downloads.TestDeleteDownload" name="test_delete_download_not_found" time="0.015" /><testcase classname="tests.integration.test_api_downloads.TestDeleteDownload" name="test_delete_download_invalid_id" time="0.015" /><testcase classname="tests.integration.test_api_downloads.TestDownloadSecurity" name="test_path_traversal_prevented" time="0.015" /><testcase classname="tests.integration.test_api_downloads.TestDownloadSecurity" name="test_cannot_access_upload_directory" time="0.016" /><testcase classname="tests.integration.test_api_health.TestHealthEndpoint" name="test_health_endpoint_returns_200" time="0.510" /><testcase classname="tests.integration.test_api_health.TestHealthEndpoint" name="test_health_endpoint_response_schema" time="0.511" /><testcase classname="tests.integration.test_api_health.TestHealthEndpoint" name="test_health_endpoint_status_values" time="0.511" /><testcase classname="tests.integration.test_api_health.TestHealthEndpoint" name="test_health_endpoint_version_format" time="0.511" /><testcase classname="tests.integration.test_api_health.TestHealthEndpoint" name="test_health_endpoint_uptime_positive" time="0.512" /><testcase classname="tests.integration.test_api_health.TestHealthDetailedEndpoint" name="test_health_detailed_returns_200" time="0.512" /><testcase classname="tests.integration.test_api_health.TestHealthDetailedEndpoint" name="test_health_detailed_response_schema" time="0.512" /><testcase classname="tests.integration.test_api_health.TestHealthDetailedEndpoint" name="test_health_detailed_gpu_structure" time="0.511" /><testcase classname="tests.integration.test_api_health.TestHealthDetailedEndpoint" name="test_health_detailed_memory_structure" time="0.512" /><testcase classname="tests.integration.test_api_health.TestHealthDetailedEndpoint" name="test_health_detailed_queue_structure" time="0.511" /><testcase classname="tests.integration.test_api_health.TestHealthDetailedEndpoint" name="test_health_detailed_status_values" time="0.512" /><testcase classname="tests.integration.test_api_health.TestHealthDetailedEndpoint" name="test_health_detailed_checks_structure" time="0.512" /><testcase classname="tests.integration.test_api_health.TestHealthDetailedEndpoint" name="test_health_detailed_timestamp_iso_format" time="0.511" /><testcase classname="tests.integration.test_api_health.TestHealthDetailedEndpoint" name="test_health_detailed_queue_stats_consistency" time="0.511" /><testcase classname="tests.integration.test_api_health.TestHealthEndpointsWithGPU" name="test_health_detailed_with_gpu" time="0.512" /><testcase classname="tests.integration.test_api_health.TestHealthEndpointsWithGPU" name="test_health_endpoint_with_gpu_available" time="0.511" /><testcase classname="tests.integration.test_api_health.TestHealthEndpointWithoutQueue" name="test_health_detailed_without_queue" time="0.515" /><testcase classname="tests.integration.test_api_health.TestHealthEndpointWithoutQueue" name="test_health_endpoint_without_queue" time="0.512" /><testcase classname="tests.integration.test_api_health.TestHealthEndpointOpenAPI" name="test_health_endpoint_in_openapi" time="0.454" /><testcase classname="tests.integration.test_api_health.TestHealthEndpointOpenAPI" name="test_health_detailed_endpoint_in_openapi" time="0.447" /><testcase classname="tests.integration.test_api_health.TestHealthEndpointOpenAPI" name="test_health_endpoints_have_health_tag" time="0.444" /><testcase classname="tests.integration.test_api_jobs.TestSubmitJob" name="test_submit_job_success" time="0.035" /><testcase classname="tests.integration.test_api_jobs.TestSubmitJob" name="test_submit_job_with_config" time="0.030" /><testcase classname="tests.integration.test_api_jobs.TestSubmitJob" name="test_submit_job_file_not_found" time="0.029" /><testcase classname="tests.integration.test_api_jobs.TestSubmitJob" name="test_submit_job_queue_not_running" time="0.027" /><testcase classname="tests.integration.test_api_jobs.TestSubmitJob" name="test_submit_job_invalid_file_id" time="0.028" /><testcase classname="tests.integration.test_api_jobs.TestSubmitBatchJobs" name="test_submit_batch_success" time="0.036" /><testcase classname="tests.integration.test_api_jobs.TestGetJob" name="test_get_job_success" time="0.029" /><testcase classname="tests.integration.test_api_jobs.TestGetJob" name="test_get_job_not_found" time="0.028" /><testcase classname="tests.integration.test_api_jobs.TestListJobs" name="test_list_jobs_empty" time="0.030" /><testcase classname="tests.integration.test_api_jobs.TestListJobs" name="test_list_jobs_with_jobs" time="0.031" /><testcase classname="tests.integration.test_api_jobs.TestListJobs" name="test_list_jobs_pagination" time="0.031" /><testcase classname="tests.integration.test_api_jobs.TestListJobs" name="test_list_jobs_filter_by_status" time="0.029" /><testcase classname="tests.integration.test_api_jobs.TestCancelJob" name="test_cancel_job_success" time="0.032" /><testcase classname="tests.integration.test_api_jobs.TestCancelJob" name="test_cancel_job_not_found" time="0.028" /><testcase classname="tests.integration.test_api_jobs.TestCancelJob" name="test_cancel_completed_job" time="0.029" /><testcase classname="tests.integration.test_api_jobs.TestRetryJob" name="test_retry_job_success" time="0.034" /><testcase classname="tests.integration.test_api_jobs.TestRetryJob" name="test_retry_job_not_found" time="0.028" /><testcase classname="tests.integration.test_api_jobs.TestRetryJob" name="test_retry_non_retryable_job" time="0.030" /><testcase classname="tests.integration.test_api_jobs.TestRemoveJob" name="test_remove_job_success" time="0.030" /><testcase classname="tests.integration.test_api_jobs.TestRemoveJob" name="test_remove_running_job_fails" time="0.029" /><testcase classname="tests.integration.test_api_jobs.TestQueueStats" name="test_get_queue_stats" time="0.032" /><testcase classname="tests.integration.test_api_jobs.TestQueueStats" name="test_get_queue_stats_empty_queue" time="0.026" /><testcase classname="tests.integration.test_api_jobs.TestSubmitJobWithDepthFocus" name="test_submit_job_with_depth_focus_enabled" time="0.030" /><testcase classname="tests.integration.test_api_jobs.TestSubmitJobWithDepthFocus" name="test_submit_job_with_depth_focus_disabled" time="0.031" /><testcase classname="tests.integration.test_api_jobs.TestSubmitJobWithDepthFocus" name="test_submit_job_with_depth_focus_boundary_values" time="0.030" /><testcase classname="tests.integration.test_api_jobs.TestSubmitJobWithDepthFocus" name="test_submit_job_with_invalid_depth_focus_depth" time="0.031" /><testcase classname="tests.integration.test_api_jobs.TestSubmitJobWithDepthFocus" name="test_submit_job_with_invalid_depth_focus_range" time="0.027" /><testcase classname="tests.integration.test_api_jobs.TestSubmitJobWithDepthCurve" name="test_submit_job_with_depth_curve_preset" time="0.030" /><testcase classname="tests.integration.test_api_jobs.TestSubmitJobWithDepthCurve" name="test_submit_job_with_depth_curve_custom_points" time="0.031" /><testcase classname="tests.integration.test_api_jobs.TestSubmitJobWithDepthCurve" name="test_submit_job_with_both_depth_focus_and_curve" time="0.030" /><testcase classname="tests.integration.test_api_jobs.TestSubmitJobWithDepthCurve" name="test_submit_job_depth_focus_passed_to_job_config" time="0.034" /><testcase classname="tests.integration.test_api_jobs.TestSubmitJobWithDepthCurve" name="test_submit_job_both_depth_configs_preserved" time="0.030" /><testcase classname="tests.integration.test_api_notifications.TestListNotifications" name="test_list_empty" time="0.022" /><testcase classname="tests.integration.test_api_notifications.TestListNotifications" name="test_list_with_notifications" time="0.020" /><testcase classname="tests.integration.test_api_notifications.TestListNotifications" name="test_list_pagination" time="0.050" /><testcase classname="tests.integration.test_api_notifications.TestListNotifications" name="test_list_filter_by_type" time="0.020" /><testcase classname="tests.integration.test_api_notifications.TestListNotifications" name="test_list_filter_by_job_id" time="0.024" /><testcase classname="tests.integration.test_api_notifications.TestListNotifications" name="test_list_exclude_read" time="0.022" /><testcase classname="tests.integration.test_api_notifications.TestGetNotificationCounts" name="test_counts_empty" time="0.019" /><testcase classname="tests.integration.test_api_notifications.TestGetNotificationCounts" name="test_counts_with_notifications" time="0.022" /><testcase classname="tests.integration.test_api_notifications.TestGetNotification" name="test_get_notification" time="0.021" /><testcase classname="tests.integration.test_api_notifications.TestGetNotification" name="test_get_notification_not_found" time="0.018" /><testcase classname="tests.integration.test_api_notifications.TestMarkNotificationsAsRead" name="test_mark_as_read" time="0.021" /><testcase classname="tests.integration.test_api_notifications.TestMarkNotificationsAsRead" name="test_mark_as_read_empty_list" time="0.020" /><testcase classname="tests.integration.test_api_notifications.TestMarkAllAsRead" name="test_mark_all_as_read" time="0.027" /><testcase classname="tests.integration.test_api_notifications.TestMarkAllAsRead" name="test_mark_all_as_read_when_empty" time="0.018" /><testcase classname="tests.integration.test_api_notifications.TestDismissNotifications" name="test_dismiss" time="0.022" /><testcase classname="tests.integration.test_api_notifications.TestDismissNotifications" name="test_dismiss_multiple" time="0.023" /><testcase classname="tests.integration.test_api_notifications.TestDeleteNotification" name="test_delete_notification" time="0.020" /><testcase classname="tests.integration.test_api_notifications.TestDeleteNotification" name="test_delete_notification_not_found" time="0.020" /><testcase classname="tests.integration.test_api_notifications.TestClearAllNotifications" name="test_clear_all" time="0.022" /><testcase classname="tests.integration.test_api_notifications.TestWebhookManagement" name="test_add_webhook" time="0.025" /><testcase classname="tests.integration.test_api_notifications.TestWebhookManagement" name="test_list_webhooks" time="0.019" /><testcase classname="tests.integration.test_api_notifications.TestWebhookManagement" name="test_remove_webhook" time="0.019" /><testcase classname="tests.integration.test_api_notifications.TestWebhookManagement" name="test_remove_webhook_not_found" time="0.018" /><testcase classname="tests.integration.test_api_notifications.TestNotificationResponseFormat" name="test_response_includes_all_fields" time="0.064" /><testcase classname="tests.integration.test_api_rate_limiting.TestRateLimitingIntegration" name="test_rate_limiting_enabled_on_health_endpoint" time="0.010" /><testcase classname="tests.integration.test_api_rate_limiting.TestRateLimitingIntegration" name="test_rate_limiting_returns_429_after_exceeding_limit" time="0.024" /><testcase classname="tests.integration.test_api_rate_limiting.TestRateLimitingIntegration" name="test_rate_limit_response_format" time="0.026" /><testcase classname="tests.integration.test_api_rate_limiting.TestRateLimitingIntegration" name="test_rate_limit_headers_present" time="0.010" /><testcase classname="tests.integration.test_api_rate_limiting.TestRateLimitingDisabled" name="test_no_rate_limiting_when_disabled" time="0.004" /><testcase classname="tests.integration.test_api_rate_limiting.TestRateLimitingDisabled" name="test_multiple_requests_allowed_when_disabled" time="0.248" /><testcase classname="tests.integration.test_api_rate_limiting.TestRateLimitingWithWhitelist" name="test_whitelisted_ip_bypasses_rate_limit" time="0.004" /><testcase classname="tests.integration.test_api_rate_limiting.TestRateLimitingWithWhitelist" name="test_non_whitelisted_ip_is_rate_limited" time="0.004" /><testcase classname="tests.integration.test_api_rate_limiting.TestRateLimitingSlowapiUnavailable" name="test_returns_none_when_slowapi_not_installed" time="0.004" /><testcase classname="tests.integration.test_api_rate_limiting.TestSetupRateLimiting" name="test_setup_sets_limiter_on_app_state" time="0.003" /><testcase classname="tests.integration.test_api_rate_limiting.TestSetupRateLimiting" name="test_setup_returns_none_when_limiter_creation_fails" time="0.002" /><testcase classname="tests.integration.test_api_rate_limiting.TestSetupRateLimiting" name="test_setup_adds_middleware_when_available" time="0.003" /><testcase classname="tests.integration.test_api_thumbnails.TestGetThumbnailGrid" name="test_get_thumbnail_grid_success" time="0.033" /><testcase classname="tests.integration.test_api_thumbnails.TestGetThumbnailGrid" name="test_get_thumbnail_grid_with_count" time="0.030" /><testcase classname="tests.integration.test_api_thumbnails.TestGetThumbnailGrid" name="test_get_thumbnail_grid_with_frame_range" time="0.028" /><testcase classname="tests.integration.test_api_thumbnails.TestGetThumbnailGrid" name="test_get_thumbnail_grid_even_distribution" time="0.034" /><testcase classname="tests.integration.test_api_thumbnails.TestGetThumbnailGrid" name="test_get_thumbnail_grid_returns_correct_urls" time="0.029" /><testcase classname="tests.integration.test_api_thumbnails.TestGetThumbnailGrid" name="test_get_thumbnail_grid_calculates_timestamps" time="0.031" /><testcase classname="tests.integration.test_api_thumbnails.TestGetThumbnailGrid" name="test_get_thumbnail_grid_job_not_found" time="0.031" /><testcase classname="tests.integration.test_api_thumbnails.TestGetThumbnailGrid" name="test_get_thumbnail_grid_queue_not_running" time="0.027" /><testcase classname="tests.integration.test_api_thumbnails.TestGetThumbnailGrid" name="test_get_thumbnail_grid_count_validation_min" time="0.033" /><testcase classname="tests.integration.test_api_thumbnails.TestGetThumbnailGrid" name="test_get_thumbnail_grid_count_validation_max" time="0.030" /><testcase classname="tests.integration.test_api_thumbnails.TestGetThumbnailGrid" name="test_get_thumbnail_grid_start_frame_validation" time="0.028" /><testcase classname="tests.integration.test_api_thumbnails.TestGetThumbnailGrid" name="test_get_thumbnail_grid_end_frame_validation" time="0.031" /><testcase classname="tests.integration.test_api_thumbnails.TestGetThumbnailGridEdgeCases" name="test_empty_job_zero_frames" time="0.029" /><testcase classname="tests.integration.test_api_thumbnails.TestGetThumbnailGridEdgeCases" name="test_single_frame_job" time="0.032" /><testcase classname="tests.integration.test_api_thumbnails.TestGetThumbnailGridEdgeCases" name="test_frames_less_than_count" time="0.030" /><testcase classname="tests.integration.test_api_thumbnails.TestGetThumbnailGridEdgeCases" name="test_invalid_frame_range" time="0.030" /><testcase classname="tests.integration.test_api_thumbnails.TestGetThumbnailGridEdgeCases" name="test_same_start_and_end_frame" time="0.031" /><testcase classname="tests.integration.test_api_thumbnails.TestGetThumbnailGridEdgeCases" name="test_job_without_fps_attribute" time="0.030" /><testcase classname="tests.integration.test_api_thumbnails.TestGetThumbnailGridEdgeCases" name="test_job_without_total_frames_attribute" time="0.035" /><testcase classname="tests.integration.test_api_thumbnails.TestGetThumbnailGridEdgeCases" name="test_default_count_parameter" time="0.031" /><testcase classname="tests.integration.test_api_thumbnails.TestGetThumbnailGridEdgeCases" name="test_various_fps_values" time="0.047" /><testcase classname="tests.integration.test_api_thumbnails.TestGetThumbnailGridEdgeCases" name="test_large_frame_count" time="0.030" /><testcase classname="tests.integration.test_api_thumbnails.TestThumbnailGridResponseStructure" name="test_response_has_required_fields" time="0.029" /><testcase classname="tests.integration.test_api_thumbnails.TestThumbnailGridResponseStructure" name="test_thumbnail_has_required_fields" time="0.030" /><testcase classname="tests.integration.test_api_thumbnails.TestThumbnailGridResponseStructure" name="test_frame_index_is_integer" time="0.029" /><testcase classname="tests.integration.test_api_thumbnails.TestThumbnailGridResponseStructure" name="test_timestamp_is_number" time="0.030" /><testcase classname="tests.integration.test_api_uploads.TestUploadFile" name="test_upload_mp4_file" time="0.021" /><testcase classname="tests.integration.test_api_uploads.TestUploadFile" name="test_upload_avi_file" time="0.019" /><testcase classname="tests.integration.test_api_uploads.TestUploadFile" name="test_upload_mov_file" time="0.017" /><testcase classname="tests.integration.test_api_uploads.TestUploadFile" name="test_upload_mkv_file" time="0.018" /><testcase classname="tests.integration.test_api_uploads.TestUploadFile" name="test_upload_webm_file" time="0.018" /><testcase classname="tests.integration.test_api_uploads.TestUploadFile" name="test_upload_unsupported_format" time="0.016" /><testcase classname="tests.integration.test_api_uploads.TestUploadFile" name="test_upload_file_too_large" time="0.018" /><testcase classname="tests.integration.test_api_uploads.TestUploadFile" name="test_upload_generates_unique_id" time="0.021" /><testcase classname="tests.integration.test_api_uploads.TestGetFileInfo" name="test_get_file_info_success" time="0.020" /><testcase classname="tests.integration.test_api_uploads.TestGetFileInfo" name="test_get_file_info_not_found" time="0.020" /><testcase classname="tests.integration.test_api_uploads.TestGetFileInfo" name="test_get_file_info_invalid_id" time="0.016" /><testcase classname="tests.integration.test_api_uploads.TestDeleteFile" name="test_delete_file_success" time="0.020" /><testcase classname="tests.integration.test_api_uploads.TestDeleteFile" name="test_delete_file_not_found" time="0.016" /><testcase classname="tests.integration.test_api_uploads.TestDeleteFile" name="test_delete_file_invalid_id" time="0.019" /></testsuite></testsuites>